<?xml version="1.0" encoding="UTF-8"?>
<testsuite xmlns:xsi="http://www.w3.org/2001/XMLSchema-instance" xsi:noNamespaceSchemaLocation="https://maven.apache.org/surefire/maven-surefire-plugin/xsd/surefire-test-report-3.0.xsd" version="3.0" name="TestSuite" time="199.711" tests="19" errors="0" skipped="0" failures="1">
  <properties>
[...]
</properties>
  <testcase name="verifyRegisterWisthMandatoryFields" classname="com.tutorialsninja.qa.TestCases.RegisterTest" time="1.716">
    <system-out><![CDATA[Project Execution Started
verifyRegisterWisthMandatoryFields---> Started Executing
verifyRegisterWisthMandatoryFields---> Executed successfully
]]></system-out>
    <system-err><![CDATA[SLF4J: Failed to load class "org.slf4j.impl.StaticLoggerBinder".
SLF4J: Defaulting to no-operation (NOP) logger implementation
SLF4J: See http://www.slf4j.org/codes.html#StaticLoggerBinder for further details.
]]></system-err>
  </testcase>
  <testcase name="verifyRegisterWithAllFields" classname="com.tutorialsninja.qa.TestCases.RegisterTest" time="1.765">
    <system-out><![CDATA[verifyRegisterWithAllFields---> Started Executing
verifyRegisterWithAllFields---> Executed successfully
]]></system-out>
  </testcase>
  <testcase name="verifyRegisterWithExistingEmail" classname="com.tutorialsninja.qa.TestCases.RegisterTest" time="1.076">
    <system-out><![CDATA[verifyRegisterWithExistingEmail---> Started Executing
verifyRegisterWithExistingEmail---> Executed successfully
]]></system-out>
  </testcase>
  <testcase name="verifyingRegisterWithMismatchPassword" classname="com.tutorialsninja.qa.TestCases.RegisterTest" time="0.831">
    <system-out><![CDATA[verifyingRegisterWithMismatchPassword---> Started Executing
verifyingRegisterWithMismatchPassword---> Executed successfully
]]></system-out>
  </testcase>
  <testcase name="verifyRegisterWithNoFields" classname="com.tutorialsninja.qa.TestCases.RegisterTest" time="1.168">
    <system-out><![CDATA[verifyRegisterWithNoFields---> Started Executing
verifyRegisterWithNoFields---> Executed successfully
]]></system-out>
  </testcase>
  <testcase name="verifyLoginWithValidCredentials[seleniumpanda@gmail.com, Selenium@123](1)" classname="com.tutorialsninja.qa.TestCases.LoginTest" time="2.53">
    <system-out><![CDATA[verifyLoginWithValidCredentials---> Started Executing
verifyLoginWithValidCredentials---> Executed successfully
]]></system-out>
  </testcase>
  <testcase name="verifyLoginWithValidCredentials[seleniumpanda1@gmail.com, Selenium@123](2)" classname="com.tutorialsninja.qa.TestCases.LoginTest" time="0.987">
    <system-out><![CDATA[verifyLoginWithValidCredentials---> Started Executing
verifyLoginWithValidCredentials---> Executed successfully
]]></system-out>
  </testcase>
  <testcase name="verifyLoginWithValidCredentials[seleniumpanda2@gmail.com, Selenium@123](3)" classname="com.tutorialsninja.qa.TestCases.LoginTest" time="0.965">
    <system-out><![CDATA[verifyLoginWithValidCredentials---> Started Executing
verifyLoginWithValidCredentials---> Executed successfully
]]></system-out>
  </testcase>
  <testcase name="verifyLoginWithValidCredentials[seleniumpanda3@gmail.com, Selenium@123](4)" classname="com.tutorialsninja.qa.TestCases.LoginTest" time="0.92">
    <system-out><![CDATA[verifyLoginWithValidCredentials---> Started Executing
verifyLoginWithValidCredentials---> Executed successfully
]]></system-out>
  </testcase>
  <testcase name="verifyLoginWithValidCredentials[seleniumpanda4@gmail.com, Selenium@123](5)" classname="com.tutorialsninja.qa.TestCases.LoginTest" time="2.335">
    <system-out><![CDATA[verifyLoginWithValidCredentials---> Started Executing
verifyLoginWithValidCredentials---> Executed successfully
]]></system-out>
  </testcase>
  <testcase name="verifyLoginWithValidCredentials[seleniumpanda4@gmail.com, Selenium@123](6)" classname="com.tutorialsninja.qa.TestCases.LoginTest" time="1.6">
    <system-out><![CDATA[verifyLoginWithValidCredentials---> Started Executing
verifyLoginWithValidCredentials---> Executed successfully
]]></system-out>
  </testcase>
  <testcase name="verifyLoginWithInvalidEmailValidPassword" classname="com.tutorialsninja.qa.TestCases.LoginTest" time="1.079">
    <system-out><![CDATA[verifyLoginWithInvalidEmailValidPassword---> Started Executing
verifyLoginWithInvalidEmailValidPassword---> Executed successfully
]]></system-out>
  </testcase>
  <testcase name="verifyLoginWithValidEmailInvalidPassword" classname="com.tutorialsninja.qa.TestCases.LoginTest" time="5.186">
    <system-out><![CDATA[verifyLoginWithValidEmailInvalidPassword---> Started Executing
verifyLoginWithValidEmailInvalidPassword---> Executed successfully
]]></system-out>
  </testcase>
  <testcase name="verifyLoginWithInvalidCredentials" classname="com.tutorialsninja.qa.TestCases.LoginTest" time="1.289">
    <system-out><![CDATA[verifyLoginWithInvalidCredentials---> Started Executing
verifyLoginWithInvalidCredentials---> Executed successfully
]]></system-out>
  </testcase>
  <testcase name="verifyLoginWithNoCredentials" classname="com.tutorialsninja.qa.TestCases.LoginTest" time="0.5">
    <system-out><![CDATA[verifyLoginWithNoCredentials---> Started Executing
verifyLoginWithNoCredentials---> Executed successfully
]]></system-out>
  </testcase>
  <testcase name="verifySearchWithValidProduct" classname="com.tutorialsninja.qa.TestCases.SearchProductTest" time="0.63">
    <system-out><![CDATA[verifySearchWithValidProduct---> Started Executing
verifySearchWithValidProduct---> Executed successfully
]]></system-out>
  </testcase>
  <testcase name="VerifySearchWithInvalidProduct" classname="com.tutorialsninja.qa.TestCases.SearchProductTest" time="0.9">
    <system-out><![CDATA[VerifySearchWithInvalidProduct---> Started Executing
VerifySearchWithInvalidProduct---> Executed successfully
]]></system-out>
  </testcase>
  <testcase name="verifySearchWithNoProduct" classname="com.tutorialsninja.qa.TestCases.SearchProductTest" time="1.196">
    <system-out><![CDATA[verifySearchWithNoProduct---> Started Executing
verifySearchWithNoProduct---> Executed successfully
]]></system-out>
  </testcase>
  <testcase name="checkingOutValidProduct" classname="com.tutorialsninja.qa.TestCases.AddToCartTest" time="31.671">
    <failure message="timeout: Timed out receiving message from renderer: 20.000&#10;  (Session info: chrome=119.0.6045.160)&#10;Build info: version: &apos;4.15.0&apos;, revision: &apos;1d14b5521b&apos;&#10;System info: os.name: &apos;Windows 11&apos;, os.arch: &apos;amd64&apos;, os.version: &apos;10.0&apos;, java.version: &apos;17.0.7&apos;&#10;Driver info: org.openqa.selenium.chrome.ChromeDriver&#10;Command: [42a41dd7beb7a9ee19aceaf2d4dda559, clickElement {id=A204F0EE9C879284BC7771B56202029E_element_97}]&#10;Capabilities {acceptInsecureCerts: false, browserName: chrome, browserVersion: 119.0.6045.160, chrome: {chromedriverVersion: 119.0.6045.105 (38c72552c5e..., userDataDir: C:\Users\Dennis\AppData\Loc...}, fedcm:accounts: true, goog:chromeOptions: {debuggerAddress: localhost:58304}, networkConnectionEnabled: false, pageLoadStrategy: eager, platformName: windows, proxy: Proxy(), se:cdp: ws://localhost:58304/devtoo..., se:cdpVersion: 119.0.6045.160, setWindowRect: true, strictFileInteractability: false, timeouts: {implicit: 0, pageLoad: 300000, script: 30000}, unhandledPromptBehavior: dismiss and notify, webauthn:extension:credBlob: true, webauthn:extension:largeBlob: true, webauthn:extension:minPinLength: true, webauthn:extension:prf: true, webauthn:virtualAuthenticators: true}&#10;Element: [[ChromeDriver: chrome on windows (42a41dd7beb7a9ee19aceaf2d4dda559)] -&gt; link text: Checkout]&#10;Session ID: 42a41dd7beb7a9ee19aceaf2d4dda559" type="org.openqa.selenium.TimeoutException"><![CDATA[org.openqa.selenium.TimeoutException: 
timeout: Timed out receiving message from renderer: 20.000
  (Session info: chrome=119.0.6045.160)
Build info: version: '4.15.0', revision: '1d14b5521b'
System info: os.name: 'Windows 11', os.arch: 'amd64', os.version: '10.0', java.version: '17.0.7'
Driver info: org.openqa.selenium.chrome.ChromeDriver
Command: [42a41dd7beb7a9ee19aceaf2d4dda559, clickElement {id=A204F0EE9C879284BC7771B56202029E_element_97}]
Capabilities {acceptInsecureCerts: false, browserName: chrome, browserVersion: 119.0.6045.160, chrome: {chromedriverVersion: 119.0.6045.105 (38c72552c5e..., userDataDir: C:\Users\Dennis\AppData\Loc...}, fedcm:accounts: true, goog:chromeOptions: {debuggerAddress: localhost:58304}, networkConnectionEnabled: false, pageLoadStrategy: eager, platformName: windows, proxy: Proxy(), se:cdp: ws://localhost:58304/devtoo..., se:cdpVersion: 119.0.6045.160, setWindowRect: true, strictFileInteractability: false, timeouts: {implicit: 0, pageLoad: 300000, script: 30000}, unhandledPromptBehavior: dismiss and notify, webauthn:extension:credBlob: true, webauthn:extension:largeBlob: true, webauthn:extension:minPinLength: true, webauthn:extension:prf: true, webauthn:virtualAuthenticators: true}
Element: [[ChromeDriver: chrome on windows (42a41dd7beb7a9ee19aceaf2d4dda559)] -> link text: Checkout]
Session ID: 42a41dd7beb7a9ee19aceaf2d4dda559
	at java.base/jdk.internal.reflect.NativeConstructorAccessorImpl.newInstance0(Native Method)
	at java.base/jdk.internal.reflect.NativeConstructorAccessorImpl.newInstance(NativeConstructorAccessorImpl.java:77)
	at java.base/jdk.internal.reflect.DelegatingConstructorAccessorImpl.newInstance(DelegatingConstructorAccessorImpl.java:45)
	at java.base/java.lang.reflect.Constructor.newInstanceWithCaller(Constructor.java:499)
	at java.base/java.lang.reflect.Constructor.newInstance(Constructor.java:480)
	at org.openqa.selenium.remote.codec.w3c.W3CHttpResponseCodec.createException(W3CHttpResponseCodec.java:200)
	at org.openqa.selenium.remote.codec.w3c.W3CHttpResponseCodec.decode(W3CHttpResponseCodec.java:133)
	at org.openqa.selenium.remote.codec.w3c.W3CHttpResponseCodec.decode(W3CHttpResponseCodec.java:52)
	at org.openqa.selenium.remote.HttpCommandExecutor.execute(HttpCommandExecutor.java:191)
	at org.openqa.selenium.remote.service.DriverCommandExecutor.invokeExecute(DriverCommandExecutor.java:200)
	at org.openqa.selenium.remote.service.DriverCommandExecutor.execute(DriverCommandExecutor.java:175)
	at org.openqa.selenium.remote.RemoteWebDriver.execute(RemoteWebDriver.java:607)
	at org.openqa.selenium.remote.RemoteWebElement.execute(RemoteWebElement.java:224)
	at org.openqa.selenium.remote.RemoteWebElement.click(RemoteWebElement.java:77)
	at com.tutorialsninja.qa.TestCases.AddToCartTest.checkingOutValidProduct(AddToCartTest.java:43)
	at java.base/jdk.internal.reflect.NativeMethodAccessorImpl.invoke0(Native Method)
	at java.base/jdk.internal.reflect.NativeMethodAccessorImpl.invoke(NativeMethodAccessorImpl.java:77)
	at java.base/jdk.internal.reflect.DelegatingMethodAccessorImpl.invoke(DelegatingMethodAccessorImpl.java:43)
	at java.base/java.lang.reflect.Method.invoke(Method.java:568)
	at org.testng.internal.invokers.MethodInvocationHelper.invokeMethod(MethodInvocationHelper.java:139)
	at org.testng.internal.invokers.TestInvoker.invokeMethod(TestInvoker.java:664)
	at org.testng.internal.invokers.TestInvoker.invokeTestMethod(TestInvoker.java:227)
	at org.testng.internal.invokers.MethodRunner.runInSequence(MethodRunner.java:50)
	at org.testng.internal.invokers.TestInvoker$MethodInvocationAgent.invoke(TestInvoker.java:957)
	at org.testng.internal.invokers.TestInvoker.invokeTestMethods(TestInvoker.java:200)
	at org.testng.internal.invokers.TestMethodWorker.invokeTestMethods(TestMethodWorker.java:148)
	at org.testng.internal.invokers.TestMethodWorker.run(TestMethodWorker.java:128)
	at java.base/java.util.ArrayList.forEach(ArrayList.java:1511)
	at org.testng.TestRunner.privateRun(TestRunner.java:848)
	at org.testng.TestRunner.run(TestRunner.java:621)
	at org.testng.SuiteRunner.runTest(SuiteRunner.java:443)
	at org.testng.SuiteRunner.runSequentially(SuiteRunner.java:437)
	at org.testng.SuiteRunner.privateRun(SuiteRunner.java:397)
	at org.testng.SuiteRunner.run(SuiteRunner.java:336)
	at org.testng.SuiteRunnerWorker.runSuite(SuiteRunnerWorker.java:52)
	at org.testng.SuiteRunnerWorker.run(SuiteRunnerWorker.java:95)
	at org.testng.TestNG.runSuitesSequentially(TestNG.java:1280)
	at org.testng.TestNG.runSuitesLocally(TestNG.java:1200)
	at org.testng.TestNG.runSuites(TestNG.java:1114)
	at org.testng.TestNG.run(TestNG.java:1082)
	at org.apache.maven.surefire.testng.TestNGExecutor.run(TestNGExecutor.java:308)
	at org.apache.maven.surefire.testng.TestNGXmlTestSuite.execute(TestNGXmlTestSuite.java:71)
	at org.apache.maven.surefire.testng.TestNGProvider.invoke(TestNGProvider.java:113)
	at org.apache.maven.surefire.booter.ForkedBooter.runSuitesInProcess(ForkedBooter.java:385)
	at org.apache.maven.surefire.booter.ForkedBooter.execute(ForkedBooter.java:162)
	at org.apache.maven.surefire.booter.ForkedBooter.run(ForkedBooter.java:507)
	at org.apache.maven.surefire.booter.ForkedBooter.main(ForkedBooter.java:495)
]]></failure>
    <system-out><![CDATA[checkingOutValidProduct---> Started Executing
Screenshot taken
org.openqa.selenium.TimeoutException: timeout: Timed out receiving message from renderer: 20.000
  (Session info: chrome=119.0.6045.160)
Build info: version: '4.15.0', revision: '1d14b5521b'
System info: os.name: 'Windows 11', os.arch: 'amd64', os.version: '10.0', java.version: '17.0.7'
Driver info: org.openqa.selenium.chrome.ChromeDriver
Command: [42a41dd7beb7a9ee19aceaf2d4dda559, clickElement {id=A204F0EE9C879284BC7771B56202029E_element_97}]
Capabilities {acceptInsecureCerts: false, browserName: chrome, browserVersion: 119.0.6045.160, chrome: {chromedriverVersion: 119.0.6045.105 (38c72552c5e..., userDataDir: C:\Users\Dennis\AppData\Loc...}, fedcm:accounts: true, goog:chromeOptions: {debuggerAddress: localhost:58304}, networkConnectionEnabled: false, pageLoadStrategy: eager, platformName: windows, proxy: Proxy(), se:cdp: ws://localhost:58304/devtoo..., se:cdpVersion: 119.0.6045.160, setWindowRect: true, strictFileInteractability: false, timeouts: {implicit: 0, pageLoad: 300000, script: 30000}, unhandledPromptBehavior: dismiss and notify, webauthn:extension:credBlob: true, webauthn:extension:largeBlob: true, webauthn:extension:minPinLength: true, webauthn:extension:prf: true, webauthn:virtualAuthenticators: true}
Element: [[ChromeDriver: chrome on windows (42a41dd7beb7a9ee19aceaf2d4dda559)] -> link text: Checkout]
Session ID: 42a41dd7beb7a9ee19aceaf2d4dda559
checkingOutValidProduct---> Failed
]]></system-out>
  </testcase>
</testsuite>