<?xml version="1.0" encoding="UTF-8"?>
<testng-results ignored="0" total="19" passed="18" failed="1" skipped="0">
  <reporter-output>
  </reporter-output>
  <suite started-at="2023-11-27T10:27:43 EST" name="TN Suite" finished-at="2023-11-27T10:31:00 EST" duration-ms="197597">
    <groups>
    </groups>
    <test started-at="2023-11-27T10:27:43 EST" name="TN Test" finished-at="2023-11-27T10:31:00 EST" duration-ms="197597">
      <class name="com.tutorialsninja.qa.TestCases.SearchProductTest">
        <test-method is-config="true" signature="searchProductSetup()[pri:0, instance:com.tutorialsninja.qa.TestCases.SearchProductTest@47af7f3d]" started-at="2023-11-27T10:30:06 EST" name="searchProductSetup" finished-at="2023-11-27T10:30:11 EST" duration-ms="4997" status="PASS">
          <reporter-output>
          </reporter-output>
        </test-method> <!-- searchProductSetup -->
        <test-method signature="verifySearchWithValidProduct()[pri:1, instance:com.tutorialsninja.qa.TestCases.SearchProductTest@47af7f3d]" started-at="2023-11-27T10:30:11 EST" name="verifySearchWithValidProduct" finished-at="2023-11-27T10:30:11 EST" duration-ms="629" status="PASS">
          <reporter-output>
          </reporter-output>
        </test-method> <!-- verifySearchWithValidProduct -->
        <test-method is-config="true" signature="tearDown()[pri:0, instance:com.tutorialsninja.qa.TestCases.SearchProductTest@47af7f3d]" started-at="2023-11-27T10:30:11 EST" name="tearDown" finished-at="2023-11-27T10:30:12 EST" duration-ms="92" status="PASS">
          <reporter-output>
          </reporter-output>
        </test-method> <!-- tearDown -->
        <test-method is-config="true" signature="searchProductSetup()[pri:0, instance:com.tutorialsninja.qa.TestCases.SearchProductTest@47af7f3d]" started-at="2023-11-27T10:30:12 EST" name="searchProductSetup" finished-at="2023-11-27T10:30:17 EST" duration-ms="5103" status="PASS">
          <reporter-output>
          </reporter-output>
        </test-method> <!-- searchProductSetup -->
        <test-method signature="VerifySearchWithInvalidProduct()[pri:2, instance:com.tutorialsninja.qa.TestCases.SearchProductTest@47af7f3d]" started-at="2023-11-27T10:30:17 EST" name="VerifySearchWithInvalidProduct" finished-at="2023-11-27T10:30:18 EST" duration-ms="895" status="PASS">
          <reporter-output>
          </reporter-output>
        </test-method> <!-- VerifySearchWithInvalidProduct -->
        <test-method is-config="true" signature="tearDown()[pri:0, instance:com.tutorialsninja.qa.TestCases.SearchProductTest@47af7f3d]" started-at="2023-11-27T10:30:18 EST" name="tearDown" finished-at="2023-11-27T10:30:18 EST" duration-ms="102" status="PASS">
          <reporter-output>
          </reporter-output>
        </test-method> <!-- tearDown -->
        <test-method is-config="true" signature="searchProductSetup()[pri:0, instance:com.tutorialsninja.qa.TestCases.SearchProductTest@47af7f3d]" started-at="2023-11-27T10:30:18 EST" name="searchProductSetup" finished-at="2023-11-27T10:30:22 EST" duration-ms="4635" status="PASS">
          <reporter-output>
          </reporter-output>
        </test-method> <!-- searchProductSetup -->
        <test-method signature="verifySearchWithNoProduct()[pri:3, instance:com.tutorialsninja.qa.TestCases.SearchProductTest@47af7f3d]" started-at="2023-11-27T10:30:22 EST" name="verifySearchWithNoProduct" finished-at="2023-11-27T10:30:24 EST" duration-ms="1196" status="PASS">
          <reporter-output>
          </reporter-output>
        </test-method> <!-- verifySearchWithNoProduct -->
        <test-method is-config="true" signature="tearDown()[pri:0, instance:com.tutorialsninja.qa.TestCases.SearchProductTest@47af7f3d]" started-at="2023-11-27T10:30:24 EST" name="tearDown" finished-at="2023-11-27T10:30:24 EST" duration-ms="101" status="PASS">
          <reporter-output>
          </reporter-output>
        </test-method> <!-- tearDown -->
      </class> <!-- com.tutorialsninja.qa.TestCases.SearchProductTest -->
      <class name="com.tutorialsninja.qa.TestCases.AddToCartTest">
        <test-method is-config="true" signature="setUp()[pri:0, instance:com.tutorialsninja.qa.TestCases.AddToCartTest@7c729a55]" started-at="2023-11-27T10:30:24 EST" name="setUp" finished-at="2023-11-27T10:30:28 EST" duration-ms="4874" status="PASS">
          <reporter-output>
          </reporter-output>
        </test-method> <!-- setUp -->
        <test-method signature="checkingOutValidProduct()[pri:0, instance:com.tutorialsninja.qa.TestCases.AddToCartTest@7c729a55]" started-at="2023-11-27T10:30:28 EST" name="checkingOutValidProduct" finished-at="2023-11-27T10:31:00 EST" duration-ms="31415" status="FAIL">
          <exception class="org.openqa.selenium.TimeoutException">
            <message>
              <![CDATA[timeout: Timed out receiving message from renderer: 20.000
  (Session info: chrome=119.0.6045.160)
Build info: version: '4.15.0', revision: '1d14b5521b'
System info: os.name: 'Windows 11', os.arch: 'amd64', os.version: '10.0', java.version: '17.0.7'
Driver info: org.openqa.selenium.chrome.ChromeDriver
Command: [42a41dd7beb7a9ee19aceaf2d4dda559, clickElement {id=A204F0EE9C879284BC7771B56202029E_element_97}]
Capabilities {acceptInsecureCerts: false, browserName: chrome, browserVersion: 119.0.6045.160, chrome: {chromedriverVersion: 119.0.6045.105 (38c72552c5e..., userDataDir: C:\Users\Dennis\AppData\Loc...}, fedcm:accounts: true, goog:chromeOptions: {debuggerAddress: localhost:58304}, networkConnectionEnabled: false, pageLoadStrategy: eager, platformName: windows, proxy: Proxy(), se:cdp: ws://localhost:58304/devtoo..., se:cdpVersion: 119.0.6045.160, setWindowRect: true, strictFileInteractability: false, timeouts: {implicit: 0, pageLoad: 300000, script: 30000}, unhandledPromptBehavior: dismiss and notify, webauthn:extension:credBlob: true, webauthn:extension:largeBlob: true, webauthn:extension:minPinLength: true, webauthn:extension:prf: true, webauthn:virtualAuthenticators: true}
Element: [[ChromeDriver: chrome on windows (42a41dd7beb7a9ee19aceaf2d4dda559)] -> link text: Checkout]
Session ID: 42a41dd7beb7a9ee19aceaf2d4dda559]]>
            </message>
            <full-stacktrace>
              <![CDATA[org.openqa.selenium.TimeoutException: timeout: Timed out receiving message from renderer: 20.000
  (Session info: chrome=119.0.6045.160)
Build info: version: '4.15.0', revision: '1d14b5521b'
System info: os.name: 'Windows 11', os.arch: 'amd64', os.version: '10.0', java.version: '17.0.7'
Driver info: org.openqa.selenium.chrome.ChromeDriver
Command: [42a41dd7beb7a9ee19aceaf2d4dda559, clickElement {id=A204F0EE9C879284BC7771B56202029E_element_97}]
Capabilities {acceptInsecureCerts: false, browserName: chrome, browserVersion: 119.0.6045.160, chrome: {chromedriverVersion: 119.0.6045.105 (38c72552c5e..., userDataDir: C:\Users\Dennis\AppData\Loc...}, fedcm:accounts: true, goog:chromeOptions: {debuggerAddress: localhost:58304}, networkConnectionEnabled: false, pageLoadStrategy: eager, platformName: windows, proxy: Proxy(), se:cdp: ws://localhost:58304/devtoo..., se:cdpVersion: 119.0.6045.160, setWindowRect: true, strictFileInteractability: false, timeouts: {implicit: 0, pageLoad: 300000, script: 30000}, unhandledPromptBehavior: dismiss and notify, webauthn:extension:credBlob: true, webauthn:extension:largeBlob: true, webauthn:extension:minPinLength: true, webauthn:extension:prf: true, webauthn:virtualAuthenticators: true}
Element: [[ChromeDriver: chrome on windows (42a41dd7beb7a9ee19aceaf2d4dda559)] -> link text: Checkout]
Session ID: 42a41dd7beb7a9ee19aceaf2d4dda559
at java.base/jdk.internal.reflect.NativeConstructorAccessorImpl.newInstance0(Native Method)
at java.base/jdk.internal.reflect.NativeConstructorAccessorImpl.newInstance(NativeConstructorAccessorImpl.java:77)
at java.base/jdk.internal.reflect.DelegatingConstructorAccessorImpl.newInstance(DelegatingConstructorAccessorImpl.java:45)
at java.base/java.lang.reflect.Constructor.newInstanceWithCaller(Constructor.java:499)
at java.base/java.lang.reflect.Constructor.newInstance(Constructor.java:480)
at org.openqa.selenium.remote.codec.w3c.W3CHttpResponseCodec.createException(W3CHttpResponseCodec.java:200)
at org.openqa.selenium.remote.codec.w3c.W3CHttpResponseCodec.decode(W3CHttpResponseCodec.java:133)
at org.openqa.selenium.remote.codec.w3c.W3CHttpResponseCodec.decode(W3CHttpResponseCodec.java:52)
at org.openqa.selenium.remote.HttpCommandExecutor.execute(HttpCommandExecutor.java:191)
at org.openqa.selenium.remote.service.DriverCommandExecutor.invokeExecute(DriverCommandExecutor.java:200)
at org.openqa.selenium.remote.service.DriverCommandExecutor.execute(DriverCommandExecutor.java:175)
at org.openqa.selenium.remote.RemoteWebDriver.execute(RemoteWebDriver.java:607)
at org.openqa.selenium.remote.RemoteWebElement.execute(RemoteWebElement.java:224)
at org.openqa.selenium.remote.RemoteWebElement.click(RemoteWebElement.java:77)
at com.tutorialsninja.qa.TestCases.AddToCartTest.checkingOutValidProduct(AddToCartTest.java:43)
at java.base/jdk.internal.reflect.NativeMethodAccessorImpl.invoke0(Native Method)
at java.base/jdk.internal.reflect.NativeMethodAccessorImpl.invoke(NativeMethodAccessorImpl.java:77)
at java.base/jdk.internal.reflect.DelegatingMethodAccessorImpl.invoke(DelegatingMethodAccessorImpl.java:43)
at java.base/java.lang.reflect.Method.invoke(Method.java:568)
at org.testng.internal.invokers.MethodInvocationHelper.invokeMethod(MethodInvocationHelper.java:139)
at org.testng.internal.invokers.TestInvoker.invokeMethod(TestInvoker.java:664)
at org.testng.internal.invokers.TestInvoker.invokeTestMethod(TestInvoker.java:227)
at org.testng.internal.invokers.MethodRunner.runInSequence(MethodRunner.java:50)
at org.testng.internal.invokers.TestInvoker$MethodInvocationAgent.invoke(TestInvoker.java:957)
at org.testng.internal.invokers.TestInvoker.invokeTestMethods(TestInvoker.java:200)
at org.testng.internal.invokers.TestMethodWorker.invokeTestMethods(TestMethodWorker.java:148)
at org.testng.internal.invokers.TestMethodWorker.run(TestMethodWorker.java:128)
at java.base/java.util.ArrayList.forEach(ArrayList.java:1511)
at org.testng.TestRunner.privateRun(TestRunner.java:848)
at org.testng.TestRunner.run(TestRunner.java:621)
at org.testng.SuiteRunner.runTest(SuiteRunner.java:443)
at org.testng.SuiteRunner.runSequentially(SuiteRunner.java:437)
at org.testng.SuiteRunner.privateRun(SuiteRunner.java:397)
at org.testng.SuiteRunner.run(SuiteRunner.java:336)
at org.testng.SuiteRunnerWorker.runSuite(SuiteRunnerWorker.java:52)
at org.testng.SuiteRunnerWorker.run(SuiteRunnerWorker.java:95)
at org.testng.TestNG.runSuitesSequentially(TestNG.java:1280)
at org.testng.TestNG.runSuitesLocally(TestNG.java:1200)
at org.testng.TestNG.runSuites(TestNG.java:1114)
at org.testng.TestNG.run(TestNG.java:1082)
at org.apache.maven.surefire.testng.TestNGExecutor.run(TestNGExecutor.java:308)
at org.apache.maven.surefire.testng.TestNGXmlTestSuite.execute(TestNGXmlTestSuite.java:71)
at org.apache.maven.surefire.testng.TestNGProvider.invoke(TestNGProvider.java:113)
at org.apache.maven.surefire.booter.ForkedBooter.runSuitesInProcess(ForkedBooter.java:385)
at org.apache.maven.surefire.booter.ForkedBooter.execute(ForkedBooter.java:162)
at org.apache.maven.surefire.booter.ForkedBooter.run(ForkedBooter.java:507)
at org.apache.maven.surefire.booter.ForkedBooter.main(ForkedBooter.java:495)
]]>
            </full-stacktrace>
          </exception> <!-- org.openqa.selenium.TimeoutException -->
          <reporter-output>
          </reporter-output>
        </test-method> <!-- checkingOutValidProduct -->
        <test-method is-config="true" signature="tearDown()[pri:0, instance:com.tutorialsninja.qa.TestCases.AddToCartTest@7c729a55]" started-at="2023-11-27T10:31:00 EST" name="tearDown" finished-at="2023-11-27T10:31:00 EST" duration-ms="252" status="PASS">
          <reporter-output>
          </reporter-output>
        </test-method> <!-- tearDown -->
      </class> <!-- com.tutorialsninja.qa.TestCases.AddToCartTest -->
      <class name="com.tutorialsninja.qa.TestCases.LoginTest">
        <test-method is-config="true" signature="setUp()[pri:0, instance:com.tutorialsninja.qa.TestCases.LoginTest@74e52303]" started-at="2023-11-27T10:28:34 EST" name="setUp" finished-at="2023-11-27T10:28:40 EST" duration-ms="5740" status="PASS">
          <reporter-output>
          </reporter-output>
        </test-method> <!-- setUp -->
        <test-method signature="verifyLoginWithValidCredentials(java.lang.String,java.lang.String)[pri:1, instance:com.tutorialsninja.qa.TestCases.LoginTest@74e52303]" started-at="2023-11-27T10:28:40 EST" name="verifyLoginWithValidCredentials" data-provider="TNLogin" finished-at="2023-11-27T10:28:43 EST" duration-ms="2529" status="PASS">
          <params>
            <param index="0">
              <value>
                <![CDATA[seleniumpanda@gmail.com]]>
              </value>
            </param>
            <param index="1">
              <value>
                <![CDATA[Selenium@123]]>
              </value>
            </param>
          </params>
          <reporter-output>
          </reporter-output>
        </test-method> <!-- verifyLoginWithValidCredentials -->
        <test-method is-config="true" signature="tearDown()[pri:0, instance:com.tutorialsninja.qa.TestCases.LoginTest@74e52303]" started-at="2023-11-27T10:28:43 EST" name="tearDown" finished-at="2023-11-27T10:28:43 EST" duration-ms="136" status="PASS">
          <reporter-output>
          </reporter-output>
        </test-method> <!-- tearDown -->
        <test-method is-config="true" signature="setUp()[pri:0, instance:com.tutorialsninja.qa.TestCases.LoginTest@74e52303]" started-at="2023-11-27T10:28:43 EST" name="setUp" finished-at="2023-11-27T10:28:51 EST" duration-ms="8312" status="PASS">
          <reporter-output>
          </reporter-output>
        </test-method> <!-- setUp -->
        <test-method signature="verifyLoginWithValidCredentials(java.lang.String,java.lang.String)[pri:1, instance:com.tutorialsninja.qa.TestCases.LoginTest@74e52303]" started-at="2023-11-27T10:28:51 EST" name="verifyLoginWithValidCredentials" data-provider="TNLogin" finished-at="2023-11-27T10:28:52 EST" duration-ms="987" status="PASS">
          <params>
            <param index="0">
              <value>
                <![CDATA[seleniumpanda1@gmail.com]]>
              </value>
            </param>
            <param index="1">
              <value>
                <![CDATA[Selenium@123]]>
              </value>
            </param>
          </params>
          <reporter-output>
          </reporter-output>
        </test-method> <!-- verifyLoginWithValidCredentials -->
        <test-method is-config="true" signature="tearDown()[pri:0, instance:com.tutorialsninja.qa.TestCases.LoginTest@74e52303]" started-at="2023-11-27T10:28:52 EST" name="tearDown" finished-at="2023-11-27T10:28:52 EST" duration-ms="124" status="PASS">
          <reporter-output>
          </reporter-output>
        </test-method> <!-- tearDown -->
        <test-method is-config="true" signature="setUp()[pri:0, instance:com.tutorialsninja.qa.TestCases.LoginTest@74e52303]" started-at="2023-11-27T10:28:52 EST" name="setUp" finished-at="2023-11-27T10:28:58 EST" duration-ms="6116" status="PASS">
          <reporter-output>
          </reporter-output>
        </test-method> <!-- setUp -->
        <test-method signature="verifyLoginWithValidCredentials(java.lang.String,java.lang.String)[pri:1, instance:com.tutorialsninja.qa.TestCases.LoginTest@74e52303]" started-at="2023-11-27T10:28:58 EST" name="verifyLoginWithValidCredentials" data-provider="TNLogin" finished-at="2023-11-27T10:28:59 EST" duration-ms="964" status="PASS">
          <params>
            <param index="0">
              <value>
                <![CDATA[seleniumpanda2@gmail.com]]>
              </value>
            </param>
            <param index="1">
              <value>
                <![CDATA[Selenium@123]]>
              </value>
            </param>
          </params>
          <reporter-output>
          </reporter-output>
        </test-method> <!-- verifyLoginWithValidCredentials -->
        <test-method is-config="true" signature="tearDown()[pri:0, instance:com.tutorialsninja.qa.TestCases.LoginTest@74e52303]" started-at="2023-11-27T10:28:59 EST" name="tearDown" finished-at="2023-11-27T10:29:00 EST" duration-ms="107" status="PASS">
          <reporter-output>
          </reporter-output>
        </test-method> <!-- tearDown -->
        <test-method is-config="true" signature="setUp()[pri:0, instance:com.tutorialsninja.qa.TestCases.LoginTest@74e52303]" started-at="2023-11-27T10:29:00 EST" name="setUp" finished-at="2023-11-27T10:29:06 EST" duration-ms="6106" status="PASS">
          <reporter-output>
          </reporter-output>
        </test-method> <!-- setUp -->
        <test-method signature="verifyLoginWithValidCredentials(java.lang.String,java.lang.String)[pri:1, instance:com.tutorialsninja.qa.TestCases.LoginTest@74e52303]" started-at="2023-11-27T10:29:06 EST" name="verifyLoginWithValidCredentials" data-provider="TNLogin" finished-at="2023-11-27T10:29:07 EST" duration-ms="919" status="PASS">
          <params>
            <param index="0">
              <value>
                <![CDATA[seleniumpanda3@gmail.com]]>
              </value>
            </param>
            <param index="1">
              <value>
                <![CDATA[Selenium@123]]>
              </value>
            </param>
          </params>
          <reporter-output>
          </reporter-output>
        </test-method> <!-- verifyLoginWithValidCredentials -->
        <test-method is-config="true" signature="tearDown()[pri:0, instance:com.tutorialsninja.qa.TestCases.LoginTest@74e52303]" started-at="2023-11-27T10:29:07 EST" name="tearDown" finished-at="2023-11-27T10:29:07 EST" duration-ms="93" status="PASS">
          <reporter-output>
          </reporter-output>
        </test-method> <!-- tearDown -->
        <test-method is-config="true" signature="setUp()[pri:0, instance:com.tutorialsninja.qa.TestCases.LoginTest@74e52303]" started-at="2023-11-27T10:29:07 EST" name="setUp" finished-at="2023-11-27T10:29:17 EST" duration-ms="10479" status="PASS">
          <reporter-output>
          </reporter-output>
        </test-method> <!-- setUp -->
        <test-method signature="verifyLoginWithValidCredentials(java.lang.String,java.lang.String)[pri:1, instance:com.tutorialsninja.qa.TestCases.LoginTest@74e52303]" started-at="2023-11-27T10:29:17 EST" name="verifyLoginWithValidCredentials" data-provider="TNLogin" finished-at="2023-11-27T10:29:19 EST" duration-ms="2335" status="PASS">
          <params>
            <param index="0">
              <value>
                <![CDATA[seleniumpanda4@gmail.com]]>
              </value>
            </param>
            <param index="1">
              <value>
                <![CDATA[Selenium@123]]>
              </value>
            </param>
          </params>
          <reporter-output>
          </reporter-output>
        </test-method> <!-- verifyLoginWithValidCredentials -->
        <test-method is-config="true" signature="tearDown()[pri:0, instance:com.tutorialsninja.qa.TestCases.LoginTest@74e52303]" started-at="2023-11-27T10:29:19 EST" name="tearDown" finished-at="2023-11-27T10:29:20 EST" duration-ms="139" status="PASS">
          <reporter-output>
          </reporter-output>
        </test-method> <!-- tearDown -->
        <test-method is-config="true" signature="setUp()[pri:0, instance:com.tutorialsninja.qa.TestCases.LoginTest@74e52303]" started-at="2023-11-27T10:29:20 EST" name="setUp" finished-at="2023-11-27T10:29:25 EST" duration-ms="5616" status="PASS">
          <reporter-output>
          </reporter-output>
        </test-method> <!-- setUp -->
        <test-method signature="verifyLoginWithValidCredentials(java.lang.String,java.lang.String)[pri:1, instance:com.tutorialsninja.qa.TestCases.LoginTest@74e52303]" started-at="2023-11-27T10:29:25 EST" name="verifyLoginWithValidCredentials" data-provider="TNLogin" finished-at="2023-11-27T10:29:27 EST" duration-ms="1599" status="PASS">
          <params>
            <param index="0">
              <value>
                <![CDATA[seleniumpanda4@gmail.com]]>
              </value>
            </param>
            <param index="1">
              <value>
                <![CDATA[Selenium@123]]>
              </value>
            </param>
          </params>
          <reporter-output>
          </reporter-output>
        </test-method> <!-- verifyLoginWithValidCredentials -->
        <test-method is-config="true" signature="tearDown()[pri:0, instance:com.tutorialsninja.qa.TestCases.LoginTest@74e52303]" started-at="2023-11-27T10:29:27 EST" name="tearDown" finished-at="2023-11-27T10:29:27 EST" duration-ms="111" status="PASS">
          <reporter-output>
          </reporter-output>
        </test-method> <!-- tearDown -->
        <test-method is-config="true" signature="setUp()[pri:0, instance:com.tutorialsninja.qa.TestCases.LoginTest@74e52303]" started-at="2023-11-27T10:29:27 EST" name="setUp" finished-at="2023-11-27T10:29:33 EST" duration-ms="6172" status="PASS">
          <reporter-output>
          </reporter-output>
        </test-method> <!-- setUp -->
        <test-method signature="verifyLoginWithInvalidEmailValidPassword()[pri:2, instance:com.tutorialsninja.qa.TestCases.LoginTest@74e52303]" started-at="2023-11-27T10:29:33 EST" name="verifyLoginWithInvalidEmailValidPassword" finished-at="2023-11-27T10:29:34 EST" duration-ms="1078" status="PASS">
          <reporter-output>
          </reporter-output>
        </test-method> <!-- verifyLoginWithInvalidEmailValidPassword -->
        <test-method is-config="true" signature="tearDown()[pri:0, instance:com.tutorialsninja.qa.TestCases.LoginTest@74e52303]" started-at="2023-11-27T10:29:34 EST" name="tearDown" finished-at="2023-11-27T10:29:34 EST" duration-ms="91" status="PASS">
          <reporter-output>
          </reporter-output>
        </test-method> <!-- tearDown -->
        <test-method is-config="true" signature="setUp()[pri:0, instance:com.tutorialsninja.qa.TestCases.LoginTest@74e52303]" started-at="2023-11-27T10:29:34 EST" name="setUp" finished-at="2023-11-27T10:29:41 EST" duration-ms="7126" status="PASS">
          <reporter-output>
          </reporter-output>
        </test-method> <!-- setUp -->
        <test-method signature="verifyLoginWithValidEmailInvalidPassword()[pri:3, instance:com.tutorialsninja.qa.TestCases.LoginTest@74e52303]" started-at="2023-11-27T10:29:41 EST" name="verifyLoginWithValidEmailInvalidPassword" finished-at="2023-11-27T10:29:47 EST" duration-ms="5185" status="PASS">
          <reporter-output>
          </reporter-output>
        </test-method> <!-- verifyLoginWithValidEmailInvalidPassword -->
        <test-method is-config="true" signature="tearDown()[pri:0, instance:com.tutorialsninja.qa.TestCases.LoginTest@74e52303]" started-at="2023-11-27T10:29:47 EST" name="tearDown" finished-at="2023-11-27T10:29:47 EST" duration-ms="164" status="PASS">
          <reporter-output>
          </reporter-output>
        </test-method> <!-- tearDown -->
        <test-method is-config="true" signature="setUp()[pri:0, instance:com.tutorialsninja.qa.TestCases.LoginTest@74e52303]" started-at="2023-11-27T10:29:47 EST" name="setUp" finished-at="2023-11-27T10:29:55 EST" duration-ms="7845" status="PASS">
          <reporter-output>
          </reporter-output>
        </test-method> <!-- setUp -->
        <test-method signature="verifyLoginWithInvalidCredentials()[pri:4, instance:com.tutorialsninja.qa.TestCases.LoginTest@74e52303]" started-at="2023-11-27T10:29:55 EST" name="verifyLoginWithInvalidCredentials" finished-at="2023-11-27T10:29:56 EST" duration-ms="1290" status="PASS">
          <reporter-output>
          </reporter-output>
        </test-method> <!-- verifyLoginWithInvalidCredentials -->
        <test-method is-config="true" signature="tearDown()[pri:0, instance:com.tutorialsninja.qa.TestCases.LoginTest@74e52303]" started-at="2023-11-27T10:29:56 EST" name="tearDown" finished-at="2023-11-27T10:29:56 EST" duration-ms="129" status="PASS">
          <reporter-output>
          </reporter-output>
        </test-method> <!-- tearDown -->
        <test-method is-config="true" signature="setUp()[pri:0, instance:com.tutorialsninja.qa.TestCases.LoginTest@74e52303]" started-at="2023-11-27T10:29:56 EST" name="setUp" finished-at="2023-11-27T10:30:05 EST" duration-ms="9268" status="PASS">
          <reporter-output>
          </reporter-output>
        </test-method> <!-- setUp -->
        <test-method signature="verifyLoginWithNoCredentials()[pri:5, instance:com.tutorialsninja.qa.TestCases.LoginTest@74e52303]" started-at="2023-11-27T10:30:05 EST" name="verifyLoginWithNoCredentials" finished-at="2023-11-27T10:30:06 EST" duration-ms="498" status="PASS">
          <reporter-output>
          </reporter-output>
        </test-method> <!-- verifyLoginWithNoCredentials -->
        <test-method is-config="true" signature="tearDown()[pri:0, instance:com.tutorialsninja.qa.TestCases.LoginTest@74e52303]" started-at="2023-11-27T10:30:06 EST" name="tearDown" finished-at="2023-11-27T10:30:06 EST" duration-ms="101" status="PASS">
          <reporter-output>
          </reporter-output>
        </test-method> <!-- tearDown -->
      </class> <!-- com.tutorialsninja.qa.TestCases.LoginTest -->
      <class name="com.tutorialsninja.qa.TestCases.RegisterTest">
        <test-method is-config="true" signature="setUp()[pri:0, instance:com.tutorialsninja.qa.TestCases.RegisterTest@5119fb47]" started-at="2023-11-27T10:27:45 EST" name="setUp" finished-at="2023-11-27T10:27:54 EST" duration-ms="8969" status="PASS">
          <reporter-output>
          </reporter-output>
        </test-method> <!-- setUp -->
        <test-method signature="verifyRegisterWisthMandatoryFields()[pri:1, instance:com.tutorialsninja.qa.TestCases.RegisterTest@5119fb47]" started-at="2023-11-27T10:27:54 EST" name="verifyRegisterWisthMandatoryFields" finished-at="2023-11-27T10:27:56 EST" duration-ms="1711" status="PASS">
          <reporter-output>
          </reporter-output>
        </test-method> <!-- verifyRegisterWisthMandatoryFields -->
        <test-method is-config="true" signature="tearDown()[pri:0, instance:com.tutorialsninja.qa.TestCases.RegisterTest@5119fb47]" started-at="2023-11-27T10:27:56 EST" name="tearDown" finished-at="2023-11-27T10:27:56 EST" duration-ms="115" status="PASS">
          <reporter-output>
          </reporter-output>
        </test-method> <!-- tearDown -->
        <test-method is-config="true" signature="setUp()[pri:0, instance:com.tutorialsninja.qa.TestCases.RegisterTest@5119fb47]" started-at="2023-11-27T10:27:56 EST" name="setUp" finished-at="2023-11-27T10:28:05 EST" duration-ms="8976" status="PASS">
          <reporter-output>
          </reporter-output>
        </test-method> <!-- setUp -->
        <test-method signature="verifyRegisterWithAllFields()[pri:2, instance:com.tutorialsninja.qa.TestCases.RegisterTest@5119fb47]" started-at="2023-11-27T10:28:05 EST" name="verifyRegisterWithAllFields" finished-at="2023-11-27T10:28:06 EST" duration-ms="1765" status="PASS">
          <reporter-output>
          </reporter-output>
        </test-method> <!-- verifyRegisterWithAllFields -->
        <test-method is-config="true" signature="tearDown()[pri:0, instance:com.tutorialsninja.qa.TestCases.RegisterTest@5119fb47]" started-at="2023-11-27T10:28:06 EST" name="tearDown" finished-at="2023-11-27T10:28:06 EST" duration-ms="93" status="PASS">
          <reporter-output>
          </reporter-output>
        </test-method> <!-- tearDown -->
        <test-method is-config="true" signature="setUp()[pri:0, instance:com.tutorialsninja.qa.TestCases.RegisterTest@5119fb47]" started-at="2023-11-27T10:28:06 EST" name="setUp" finished-at="2023-11-27T10:28:17 EST" duration-ms="10516" status="PASS">
          <reporter-output>
          </reporter-output>
        </test-method> <!-- setUp -->
        <test-method signature="verifyRegisterWithExistingEmail()[pri:3, instance:com.tutorialsninja.qa.TestCases.RegisterTest@5119fb47]" started-at="2023-11-27T10:28:17 EST" name="verifyRegisterWithExistingEmail" finished-at="2023-11-27T10:28:18 EST" duration-ms="1076" status="PASS">
          <reporter-output>
          </reporter-output>
        </test-method> <!-- verifyRegisterWithExistingEmail -->
        <test-method is-config="true" signature="tearDown()[pri:0, instance:com.tutorialsninja.qa.TestCases.RegisterTest@5119fb47]" started-at="2023-11-27T10:28:18 EST" name="tearDown" finished-at="2023-11-27T10:28:18 EST" duration-ms="152" status="PASS">
          <reporter-output>
          </reporter-output>
        </test-method> <!-- tearDown -->
        <test-method is-config="true" signature="setUp()[pri:0, instance:com.tutorialsninja.qa.TestCases.RegisterTest@5119fb47]" started-at="2023-11-27T10:28:18 EST" name="setUp" finished-at="2023-11-27T10:28:26 EST" duration-ms="7588" status="PASS">
          <reporter-output>
          </reporter-output>
        </test-method> <!-- setUp -->
        <test-method signature="verifyingRegisterWithMismatchPassword()[pri:4, instance:com.tutorialsninja.qa.TestCases.RegisterTest@5119fb47]" started-at="2023-11-27T10:28:26 EST" name="verifyingRegisterWithMismatchPassword" finished-at="2023-11-27T10:28:27 EST" duration-ms="829" status="PASS">
          <reporter-output>
          </reporter-output>
        </test-method> <!-- verifyingRegisterWithMismatchPassword -->
        <test-method is-config="true" signature="tearDown()[pri:0, instance:com.tutorialsninja.qa.TestCases.RegisterTest@5119fb47]" started-at="2023-11-27T10:28:27 EST" name="tearDown" finished-at="2023-11-27T10:28:27 EST" duration-ms="113" status="PASS">
          <reporter-output>
          </reporter-output>
        </test-method> <!-- tearDown -->
        <test-method is-config="true" signature="setUp()[pri:0, instance:com.tutorialsninja.qa.TestCases.RegisterTest@5119fb47]" started-at="2023-11-27T10:28:27 EST" name="setUp" finished-at="2023-11-27T10:28:33 EST" duration-ms="5886" status="PASS">
          <reporter-output>
          </reporter-output>
        </test-method> <!-- setUp -->
        <test-method signature="verifyRegisterWithNoFields()[pri:5, instance:com.tutorialsninja.qa.TestCases.RegisterTest@5119fb47]" started-at="2023-11-27T10:28:33 EST" name="verifyRegisterWithNoFields" finished-at="2023-11-27T10:28:34 EST" duration-ms="1168" status="PASS">
          <reporter-output>
          </reporter-output>
        </test-method> <!-- verifyRegisterWithNoFields -->
        <test-method is-config="true" signature="tearDown()[pri:0, instance:com.tutorialsninja.qa.TestCases.RegisterTest@5119fb47]" started-at="2023-11-27T10:28:34 EST" name="tearDown" finished-at="2023-11-27T10:28:34 EST" duration-ms="95" status="PASS">
          <reporter-output>
          </reporter-output>
        </test-method> <!-- tearDown -->
      </class> <!-- com.tutorialsninja.qa.TestCases.RegisterTest -->
    </test> <!-- TN Test -->
  </suite> <!-- TN Suite -->
</testng-results>
