<?xml version="1.0" encoding="UTF-8"?>
<testng-results ignored="0" total="19" passed="18" failed="1" skipped="0">
  <reporter-output>
  </reporter-output>
  <suite started-at="2023-11-28T13:40:53 EST" name="TN Suite" finished-at="2023-11-28T13:43:58 EST" duration-ms="184851">
    <groups>
    </groups>
    <test started-at="2023-11-28T13:40:53 EST" name="TN Test" finished-at="2023-11-28T13:43:58 EST" duration-ms="184851">
      <class name="com.tutorialsninja.qa.TestCases.SearchProductTest">
        <test-method is-config="true" signature="searchProductSetup()[pri:0, instance:com.tutorialsninja.qa.TestCases.SearchProductTest@7ef82753]" started-at="2023-11-28T13:42:41 EST" name="searchProductSetup" finished-at="2023-11-28T13:42:46 EST" duration-ms="4266" status="PASS">
          <reporter-output>
          </reporter-output>
        </test-method> <!-- searchProductSetup -->
        <test-method signature="verifySearchWithValidProduct()[pri:1, instance:com.tutorialsninja.qa.TestCases.SearchProductTest@7ef82753]" started-at="2023-11-28T13:42:46 EST" name="verifySearchWithValidProduct" finished-at="2023-11-28T13:42:46 EST" duration-ms="612" status="FAIL">
          <exception class="java.lang.AssertionError">
            <message>
              <![CDATA[expected [false] but found [true]]]>
            </message>
            <full-stacktrace>
              <![CDATA[java.lang.AssertionError: expected [false] but found [true]
at org.testng.Assert.fail(Assert.java:111)
at org.testng.Assert.failNotEquals(Assert.java:1578)
at org.testng.Assert.assertFalse(Assert.java:79)
at org.testng.Assert.assertFalse(Assert.java:89)
at com.tutorialsninja.qa.TestCases.SearchProductTest.verifySearchWithValidProduct(SearchProductTest.java:33)
at java.base/jdk.internal.reflect.NativeMethodAccessorImpl.invoke0(Native Method)
at java.base/jdk.internal.reflect.NativeMethodAccessorImpl.invoke(NativeMethodAccessorImpl.java:77)
at java.base/jdk.internal.reflect.DelegatingMethodAccessorImpl.invoke(DelegatingMethodAccessorImpl.java:43)
at java.base/java.lang.reflect.Method.invoke(Method.java:568)
at org.testng.internal.invokers.MethodInvocationHelper.invokeMethod(MethodInvocationHelper.java:139)
at org.testng.internal.invokers.TestInvoker.invokeMethod(TestInvoker.java:664)
at org.testng.internal.invokers.TestInvoker.invokeTestMethod(TestInvoker.java:227)
at org.testng.internal.invokers.MethodRunner.runInSequence(MethodRunner.java:50)
at org.testng.internal.invokers.TestInvoker$MethodInvocationAgent.invoke(TestInvoker.java:957)
at org.testng.internal.invokers.TestInvoker.invokeTestMethods(TestInvoker.java:200)
at org.testng.internal.invokers.TestMethodWorker.invokeTestMethods(TestMethodWorker.java:148)
at org.testng.internal.invokers.TestMethodWorker.run(TestMethodWorker.java:128)
at java.base/java.util.ArrayList.forEach(ArrayList.java:1511)
at org.testng.TestRunner.privateRun(TestRunner.java:848)
at org.testng.TestRunner.run(TestRunner.java:621)
at org.testng.SuiteRunner.runTest(SuiteRunner.java:443)
at org.testng.SuiteRunner.runSequentially(SuiteRunner.java:437)
at org.testng.SuiteRunner.privateRun(SuiteRunner.java:397)
at org.testng.SuiteRunner.run(SuiteRunner.java:336)
at org.testng.SuiteRunnerWorker.runSuite(SuiteRunnerWorker.java:52)
at org.testng.SuiteRunnerWorker.run(SuiteRunnerWorker.java:95)
at org.testng.TestNG.runSuitesSequentially(TestNG.java:1280)
at org.testng.TestNG.runSuitesLocally(TestNG.java:1200)
at org.testng.TestNG.runSuites(TestNG.java:1114)
at org.testng.TestNG.run(TestNG.java:1082)
at org.testng.remote.AbstractRemoteTestNG.run(AbstractRemoteTestNG.java:115)
at org.testng.remote.RemoteTestNG.initAndRun(RemoteTestNG.java:251)
at org.testng.remote.RemoteTestNG.main(RemoteTestNG.java:77)
]]>
            </full-stacktrace>
          </exception> <!-- java.lang.AssertionError -->
          <reporter-output>
          </reporter-output>
        </test-method> <!-- verifySearchWithValidProduct -->
        <test-method is-config="true" signature="tearDown()[pri:0, instance:com.tutorialsninja.qa.TestCases.SearchProductTest@7ef82753]" started-at="2023-11-28T13:42:47 EST" name="tearDown" finished-at="2023-11-28T13:42:47 EST" duration-ms="161" status="PASS">
          <reporter-output>
          </reporter-output>
        </test-method> <!-- tearDown -->
        <test-method is-config="true" signature="searchProductSetup()[pri:0, instance:com.tutorialsninja.qa.TestCases.SearchProductTest@7ef82753]" started-at="2023-11-28T13:42:47 EST" name="searchProductSetup" finished-at="2023-11-28T13:42:51 EST" duration-ms="4424" status="PASS">
          <reporter-output>
          </reporter-output>
        </test-method> <!-- searchProductSetup -->
        <test-method signature="VerifySearchWithInvalidProduct()[pri:2, instance:com.tutorialsninja.qa.TestCases.SearchProductTest@7ef82753]" started-at="2023-11-28T13:42:51 EST" name="VerifySearchWithInvalidProduct" finished-at="2023-11-28T13:42:52 EST" duration-ms="580" status="PASS">
          <reporter-output>
          </reporter-output>
        </test-method> <!-- VerifySearchWithInvalidProduct -->
        <test-method is-config="true" signature="tearDown()[pri:0, instance:com.tutorialsninja.qa.TestCases.SearchProductTest@7ef82753]" started-at="2023-11-28T13:42:52 EST" name="tearDown" finished-at="2023-11-28T13:42:52 EST" duration-ms="159" status="PASS">
          <reporter-output>
          </reporter-output>
        </test-method> <!-- tearDown -->
        <test-method is-config="true" signature="searchProductSetup()[pri:0, instance:com.tutorialsninja.qa.TestCases.SearchProductTest@7ef82753]" started-at="2023-11-28T13:42:52 EST" name="searchProductSetup" finished-at="2023-11-28T13:42:56 EST" duration-ms="4286" status="PASS">
          <reporter-output>
          </reporter-output>
        </test-method> <!-- searchProductSetup -->
        <test-method signature="verifySearchWithNoProduct()[pri:3, instance:com.tutorialsninja.qa.TestCases.SearchProductTest@7ef82753]" started-at="2023-11-28T13:42:56 EST" name="verifySearchWithNoProduct" finished-at="2023-11-28T13:42:57 EST" duration-ms="507" status="PASS">
          <reporter-output>
          </reporter-output>
        </test-method> <!-- verifySearchWithNoProduct -->
        <test-method is-config="true" signature="tearDown()[pri:0, instance:com.tutorialsninja.qa.TestCases.SearchProductTest@7ef82753]" started-at="2023-11-28T13:42:57 EST" name="tearDown" finished-at="2023-11-28T13:42:57 EST" duration-ms="130" status="PASS">
          <reporter-output>
          </reporter-output>
        </test-method> <!-- tearDown -->
      </class> <!-- com.tutorialsninja.qa.TestCases.SearchProductTest -->
      <class name="com.tutorialsninja.qa.TestCases.AddToCartTest">
        <test-method is-config="true" signature="setUp()[pri:0, instance:com.tutorialsninja.qa.TestCases.AddToCartTest@3b0fe47a]" started-at="2023-11-28T13:42:57 EST" name="setUp" finished-at="2023-11-28T13:43:01 EST" duration-ms="4072" status="PASS">
          <reporter-output>
          </reporter-output>
        </test-method> <!-- setUp -->
        <test-method signature="checkingOutValidProduct()[pri:0, instance:com.tutorialsninja.qa.TestCases.AddToCartTest@3b0fe47a]" started-at="2023-11-28T13:43:01 EST" name="checkingOutValidProduct" finished-at="2023-11-28T13:43:57 EST" duration-ms="56363" status="PASS">
          <reporter-output>
          </reporter-output>
        </test-method> <!-- checkingOutValidProduct -->
        <test-method is-config="true" signature="tearDown()[pri:0, instance:com.tutorialsninja.qa.TestCases.AddToCartTest@3b0fe47a]" started-at="2023-11-28T13:43:57 EST" name="tearDown" finished-at="2023-11-28T13:43:58 EST" duration-ms="277" status="PASS">
          <reporter-output>
          </reporter-output>
        </test-method> <!-- tearDown -->
      </class> <!-- com.tutorialsninja.qa.TestCases.AddToCartTest -->
      <class name="com.tutorialsninja.qa.TestCases.LoginTest">
        <test-method is-config="true" signature="setUp()[pri:0, instance:com.tutorialsninja.qa.TestCases.LoginTest@3e27ba32]" started-at="2023-11-28T13:41:42 EST" name="setUp" finished-at="2023-11-28T13:41:47 EST" duration-ms="4764" status="PASS">
          <reporter-output>
          </reporter-output>
        </test-method> <!-- setUp -->
        <test-method signature="verifyLoginWithValidCredentials(java.lang.String,java.lang.String)[pri:1, instance:com.tutorialsninja.qa.TestCases.LoginTest@3e27ba32]" started-at="2023-11-28T13:41:47 EST" name="verifyLoginWithValidCredentials" data-provider="TNLogin" finished-at="2023-11-28T13:41:48 EST" duration-ms="979" status="PASS">
          <params>
            <param index="0">
              <value>
                <![CDATA[seleniumpanda@gmail.com]]>
              </value>
            </param>
            <param index="1">
              <value>
                <![CDATA[Selenium@123]]>
              </value>
            </param>
          </params>
          <reporter-output>
          </reporter-output>
        </test-method> <!-- verifyLoginWithValidCredentials -->
        <test-method is-config="true" signature="tearDown()[pri:0, instance:com.tutorialsninja.qa.TestCases.LoginTest@3e27ba32]" started-at="2023-11-28T13:41:48 EST" name="tearDown" finished-at="2023-11-28T13:41:48 EST" duration-ms="152" status="PASS">
          <reporter-output>
          </reporter-output>
        </test-method> <!-- tearDown -->
        <test-method is-config="true" signature="setUp()[pri:0, instance:com.tutorialsninja.qa.TestCases.LoginTest@3e27ba32]" started-at="2023-11-28T13:41:48 EST" name="setUp" finished-at="2023-11-28T13:41:53 EST" duration-ms="4743" status="PASS">
          <reporter-output>
          </reporter-output>
        </test-method> <!-- setUp -->
        <test-method signature="verifyLoginWithValidCredentials(java.lang.String,java.lang.String)[pri:1, instance:com.tutorialsninja.qa.TestCases.LoginTest@3e27ba32]" started-at="2023-11-28T13:41:53 EST" name="verifyLoginWithValidCredentials" data-provider="TNLogin" finished-at="2023-11-28T13:41:54 EST" duration-ms="1003" status="PASS">
          <params>
            <param index="0">
              <value>
                <![CDATA[seleniumpanda1@gmail.com]]>
              </value>
            </param>
            <param index="1">
              <value>
                <![CDATA[Selenium@123]]>
              </value>
            </param>
          </params>
          <reporter-output>
          </reporter-output>
        </test-method> <!-- verifyLoginWithValidCredentials -->
        <test-method is-config="true" signature="tearDown()[pri:0, instance:com.tutorialsninja.qa.TestCases.LoginTest@3e27ba32]" started-at="2023-11-28T13:41:54 EST" name="tearDown" finished-at="2023-11-28T13:41:54 EST" duration-ms="130" status="PASS">
          <reporter-output>
          </reporter-output>
        </test-method> <!-- tearDown -->
        <test-method is-config="true" signature="setUp()[pri:0, instance:com.tutorialsninja.qa.TestCases.LoginTest@3e27ba32]" started-at="2023-11-28T13:41:54 EST" name="setUp" finished-at="2023-11-28T13:42:00 EST" duration-ms="5948" status="PASS">
          <reporter-output>
          </reporter-output>
        </test-method> <!-- setUp -->
        <test-method signature="verifyLoginWithValidCredentials(java.lang.String,java.lang.String)[pri:1, instance:com.tutorialsninja.qa.TestCases.LoginTest@3e27ba32]" started-at="2023-11-28T13:42:00 EST" name="verifyLoginWithValidCredentials" data-provider="TNLogin" finished-at="2023-11-28T13:42:01 EST" duration-ms="1018" status="PASS">
          <params>
            <param index="0">
              <value>
                <![CDATA[seleniumpanda2@gmail.com]]>
              </value>
            </param>
            <param index="1">
              <value>
                <![CDATA[Selenium@123]]>
              </value>
            </param>
          </params>
          <reporter-output>
          </reporter-output>
        </test-method> <!-- verifyLoginWithValidCredentials -->
        <test-method is-config="true" signature="tearDown()[pri:0, instance:com.tutorialsninja.qa.TestCases.LoginTest@3e27ba32]" started-at="2023-11-28T13:42:01 EST" name="tearDown" finished-at="2023-11-28T13:42:01 EST" duration-ms="150" status="PASS">
          <reporter-output>
          </reporter-output>
        </test-method> <!-- tearDown -->
        <test-method is-config="true" signature="setUp()[pri:0, instance:com.tutorialsninja.qa.TestCases.LoginTest@3e27ba32]" started-at="2023-11-28T13:42:01 EST" name="setUp" finished-at="2023-11-28T13:42:06 EST" duration-ms="4465" status="PASS">
          <reporter-output>
          </reporter-output>
        </test-method> <!-- setUp -->
        <test-method signature="verifyLoginWithValidCredentials(java.lang.String,java.lang.String)[pri:1, instance:com.tutorialsninja.qa.TestCases.LoginTest@3e27ba32]" started-at="2023-11-28T13:42:06 EST" name="verifyLoginWithValidCredentials" data-provider="TNLogin" finished-at="2023-11-28T13:42:07 EST" duration-ms="983" status="PASS">
          <params>
            <param index="0">
              <value>
                <![CDATA[seleniumpanda3@gmail.com]]>
              </value>
            </param>
            <param index="1">
              <value>
                <![CDATA[Selenium@123]]>
              </value>
            </param>
          </params>
          <reporter-output>
          </reporter-output>
        </test-method> <!-- verifyLoginWithValidCredentials -->
        <test-method is-config="true" signature="tearDown()[pri:0, instance:com.tutorialsninja.qa.TestCases.LoginTest@3e27ba32]" started-at="2023-11-28T13:42:07 EST" name="tearDown" finished-at="2023-11-28T13:42:07 EST" duration-ms="158" status="PASS">
          <reporter-output>
          </reporter-output>
        </test-method> <!-- tearDown -->
        <test-method is-config="true" signature="setUp()[pri:0, instance:com.tutorialsninja.qa.TestCases.LoginTest@3e27ba32]" started-at="2023-11-28T13:42:07 EST" name="setUp" finished-at="2023-11-28T13:42:12 EST" duration-ms="5329" status="PASS">
          <reporter-output>
          </reporter-output>
        </test-method> <!-- setUp -->
        <test-method signature="verifyLoginWithValidCredentials(java.lang.String,java.lang.String)[pri:1, instance:com.tutorialsninja.qa.TestCases.LoginTest@3e27ba32]" started-at="2023-11-28T13:42:12 EST" name="verifyLoginWithValidCredentials" data-provider="TNLogin" finished-at="2023-11-28T13:42:13 EST" duration-ms="965" status="PASS">
          <params>
            <param index="0">
              <value>
                <![CDATA[seleniumpanda4@gmail.com]]>
              </value>
            </param>
            <param index="1">
              <value>
                <![CDATA[Selenium@123]]>
              </value>
            </param>
          </params>
          <reporter-output>
          </reporter-output>
        </test-method> <!-- verifyLoginWithValidCredentials -->
        <test-method is-config="true" signature="tearDown()[pri:0, instance:com.tutorialsninja.qa.TestCases.LoginTest@3e27ba32]" started-at="2023-11-28T13:42:13 EST" name="tearDown" finished-at="2023-11-28T13:42:13 EST" duration-ms="161" status="PASS">
          <reporter-output>
          </reporter-output>
        </test-method> <!-- tearDown -->
        <test-method is-config="true" signature="setUp()[pri:0, instance:com.tutorialsninja.qa.TestCases.LoginTest@3e27ba32]" started-at="2023-11-28T13:42:13 EST" name="setUp" finished-at="2023-11-28T13:42:18 EST" duration-ms="4648" status="PASS">
          <reporter-output>
          </reporter-output>
        </test-method> <!-- setUp -->
        <test-method signature="verifyLoginWithValidCredentials(java.lang.String,java.lang.String)[pri:1, instance:com.tutorialsninja.qa.TestCases.LoginTest@3e27ba32]" started-at="2023-11-28T13:42:18 EST" name="verifyLoginWithValidCredentials" data-provider="TNLogin" finished-at="2023-11-28T13:42:19 EST" duration-ms="1126" status="PASS">
          <params>
            <param index="0">
              <value>
                <![CDATA[seleniumpanda4@gmail.com]]>
              </value>
            </param>
            <param index="1">
              <value>
                <![CDATA[Selenium@123]]>
              </value>
            </param>
          </params>
          <reporter-output>
          </reporter-output>
        </test-method> <!-- verifyLoginWithValidCredentials -->
        <test-method is-config="true" signature="tearDown()[pri:0, instance:com.tutorialsninja.qa.TestCases.LoginTest@3e27ba32]" started-at="2023-11-28T13:42:19 EST" name="tearDown" finished-at="2023-11-28T13:42:19 EST" duration-ms="171" status="PASS">
          <reporter-output>
          </reporter-output>
        </test-method> <!-- tearDown -->
        <test-method is-config="true" signature="setUp()[pri:0, instance:com.tutorialsninja.qa.TestCases.LoginTest@3e27ba32]" started-at="2023-11-28T13:42:19 EST" name="setUp" finished-at="2023-11-28T13:42:23 EST" duration-ms="4396" status="PASS">
          <reporter-output>
          </reporter-output>
        </test-method> <!-- setUp -->
        <test-method signature="verifyLoginWithInvalidEmailValidPassword()[pri:2, instance:com.tutorialsninja.qa.TestCases.LoginTest@3e27ba32]" started-at="2023-11-28T13:42:23 EST" name="verifyLoginWithInvalidEmailValidPassword" finished-at="2023-11-28T13:42:24 EST" duration-ms="705" status="PASS">
          <reporter-output>
          </reporter-output>
        </test-method> <!-- verifyLoginWithInvalidEmailValidPassword -->
        <test-method is-config="true" signature="tearDown()[pri:0, instance:com.tutorialsninja.qa.TestCases.LoginTest@3e27ba32]" started-at="2023-11-28T13:42:24 EST" name="tearDown" finished-at="2023-11-28T13:42:24 EST" duration-ms="140" status="PASS">
          <reporter-output>
          </reporter-output>
        </test-method> <!-- tearDown -->
        <test-method is-config="true" signature="setUp()[pri:0, instance:com.tutorialsninja.qa.TestCases.LoginTest@3e27ba32]" started-at="2023-11-28T13:42:24 EST" name="setUp" finished-at="2023-11-28T13:42:29 EST" duration-ms="4973" status="PASS">
          <reporter-output>
          </reporter-output>
        </test-method> <!-- setUp -->
        <test-method signature="verifyLoginWithValidEmailInvalidPassword()[pri:3, instance:com.tutorialsninja.qa.TestCases.LoginTest@3e27ba32]" started-at="2023-11-28T13:42:29 EST" name="verifyLoginWithValidEmailInvalidPassword" finished-at="2023-11-28T13:42:30 EST" duration-ms="724" status="PASS">
          <reporter-output>
          </reporter-output>
        </test-method> <!-- verifyLoginWithValidEmailInvalidPassword -->
        <test-method is-config="true" signature="tearDown()[pri:0, instance:com.tutorialsninja.qa.TestCases.LoginTest@3e27ba32]" started-at="2023-11-28T13:42:30 EST" name="tearDown" finished-at="2023-11-28T13:42:30 EST" duration-ms="142" status="PASS">
          <reporter-output>
          </reporter-output>
        </test-method> <!-- tearDown -->
        <test-method is-config="true" signature="setUp()[pri:0, instance:com.tutorialsninja.qa.TestCases.LoginTest@3e27ba32]" started-at="2023-11-28T13:42:30 EST" name="setUp" finished-at="2023-11-28T13:42:35 EST" duration-ms="4755" status="PASS">
          <reporter-output>
          </reporter-output>
        </test-method> <!-- setUp -->
        <test-method signature="verifyLoginWithInvalidCredentials()[pri:4, instance:com.tutorialsninja.qa.TestCases.LoginTest@3e27ba32]" started-at="2023-11-28T13:42:35 EST" name="verifyLoginWithInvalidCredentials" finished-at="2023-11-28T13:42:36 EST" duration-ms="800" status="PASS">
          <reporter-output>
          </reporter-output>
        </test-method> <!-- verifyLoginWithInvalidCredentials -->
        <test-method is-config="true" signature="tearDown()[pri:0, instance:com.tutorialsninja.qa.TestCases.LoginTest@3e27ba32]" started-at="2023-11-28T13:42:36 EST" name="tearDown" finished-at="2023-11-28T13:42:36 EST" duration-ms="130" status="PASS">
          <reporter-output>
          </reporter-output>
        </test-method> <!-- tearDown -->
        <test-method is-config="true" signature="setUp()[pri:0, instance:com.tutorialsninja.qa.TestCases.LoginTest@3e27ba32]" started-at="2023-11-28T13:42:36 EST" name="setUp" finished-at="2023-11-28T13:42:41 EST" duration-ms="4943" status="PASS">
          <reporter-output>
          </reporter-output>
        </test-method> <!-- setUp -->
        <test-method signature="verifyLoginWithNoCredentials()[pri:5, instance:com.tutorialsninja.qa.TestCases.LoginTest@3e27ba32]" started-at="2023-11-28T13:42:41 EST" name="verifyLoginWithNoCredentials" finished-at="2023-11-28T13:42:41 EST" duration-ms="551" status="PASS">
          <reporter-output>
          </reporter-output>
        </test-method> <!-- verifyLoginWithNoCredentials -->
        <test-method is-config="true" signature="tearDown()[pri:0, instance:com.tutorialsninja.qa.TestCases.LoginTest@3e27ba32]" started-at="2023-11-28T13:42:41 EST" name="tearDown" finished-at="2023-11-28T13:42:41 EST" duration-ms="141" status="PASS">
          <reporter-output>
          </reporter-output>
        </test-method> <!-- tearDown -->
      </class> <!-- com.tutorialsninja.qa.TestCases.LoginTest -->
      <class name="com.tutorialsninja.qa.TestCases.RegisterTest">
        <test-method is-config="true" signature="setUp()[pri:0, instance:com.tutorialsninja.qa.TestCases.RegisterTest@6c1a5b54]" started-at="2023-11-28T13:40:53 EST" name="setUp" finished-at="2023-11-28T13:41:00 EST" duration-ms="6652" status="PASS">
          <reporter-output>
          </reporter-output>
        </test-method> <!-- setUp -->
        <test-method signature="verifyRegisterWisthMandatoryFields()[pri:1, instance:com.tutorialsninja.qa.TestCases.RegisterTest@6c1a5b54]" started-at="2023-11-28T13:41:00 EST" name="verifyRegisterWisthMandatoryFields" finished-at="2023-11-28T13:41:01 EST" duration-ms="1465" status="PASS">
          <reporter-output>
          </reporter-output>
        </test-method> <!-- verifyRegisterWisthMandatoryFields -->
        <test-method is-config="true" signature="tearDown()[pri:0, instance:com.tutorialsninja.qa.TestCases.RegisterTest@6c1a5b54]" started-at="2023-11-28T13:41:01 EST" name="tearDown" finished-at="2023-11-28T13:41:01 EST" duration-ms="203" status="PASS">
          <reporter-output>
          </reporter-output>
        </test-method> <!-- tearDown -->
        <test-method is-config="true" signature="setUp()[pri:0, instance:com.tutorialsninja.qa.TestCases.RegisterTest@6c1a5b54]" started-at="2023-11-28T13:41:01 EST" name="setUp" finished-at="2023-11-28T13:41:07 EST" duration-ms="5690" status="PASS">
          <reporter-output>
          </reporter-output>
        </test-method> <!-- setUp -->
        <test-method signature="verifyRegisterWithAllFields()[pri:2, instance:com.tutorialsninja.qa.TestCases.RegisterTest@6c1a5b54]" started-at="2023-11-28T13:41:07 EST" name="verifyRegisterWithAllFields" finished-at="2023-11-28T13:41:12 EST" duration-ms="5027" status="PASS">
          <reporter-output>
          </reporter-output>
        </test-method> <!-- verifyRegisterWithAllFields -->
        <test-method is-config="true" signature="tearDown()[pri:0, instance:com.tutorialsninja.qa.TestCases.RegisterTest@6c1a5b54]" started-at="2023-11-28T13:41:12 EST" name="tearDown" finished-at="2023-11-28T13:41:13 EST" duration-ms="589" status="PASS">
          <reporter-output>
          </reporter-output>
        </test-method> <!-- tearDown -->
        <test-method is-config="true" signature="setUp()[pri:0, instance:com.tutorialsninja.qa.TestCases.RegisterTest@6c1a5b54]" started-at="2023-11-28T13:41:13 EST" name="setUp" finished-at="2023-11-28T13:41:22 EST" duration-ms="8994" status="PASS">
          <reporter-output>
          </reporter-output>
        </test-method> <!-- setUp -->
        <test-method signature="verifyRegisterWithExistingEmail()[pri:3, instance:com.tutorialsninja.qa.TestCases.RegisterTest@6c1a5b54]" started-at="2023-11-28T13:41:22 EST" name="verifyRegisterWithExistingEmail" finished-at="2023-11-28T13:41:26 EST" duration-ms="3925" status="PASS">
          <reporter-output>
          </reporter-output>
        </test-method> <!-- verifyRegisterWithExistingEmail -->
        <test-method is-config="true" signature="tearDown()[pri:0, instance:com.tutorialsninja.qa.TestCases.RegisterTest@6c1a5b54]" started-at="2023-11-28T13:41:26 EST" name="tearDown" finished-at="2023-11-28T13:41:26 EST" duration-ms="418" status="PASS">
          <reporter-output>
          </reporter-output>
        </test-method> <!-- tearDown -->
        <test-method is-config="true" signature="setUp()[pri:0, instance:com.tutorialsninja.qa.TestCases.RegisterTest@6c1a5b54]" started-at="2023-11-28T13:41:26 EST" name="setUp" finished-at="2023-11-28T13:41:33 EST" duration-ms="7093" status="PASS">
          <reporter-output>
          </reporter-output>
        </test-method> <!-- setUp -->
        <test-method signature="verifyingRegisterWithMismatchPassword()[pri:4, instance:com.tutorialsninja.qa.TestCases.RegisterTest@6c1a5b54]" started-at="2023-11-28T13:41:33 EST" name="verifyingRegisterWithMismatchPassword" finished-at="2023-11-28T13:41:35 EST" duration-ms="1640" status="PASS">
          <reporter-output>
          </reporter-output>
        </test-method> <!-- verifyingRegisterWithMismatchPassword -->
        <test-method is-config="true" signature="tearDown()[pri:0, instance:com.tutorialsninja.qa.TestCases.RegisterTest@6c1a5b54]" started-at="2023-11-28T13:41:35 EST" name="tearDown" finished-at="2023-11-28T13:41:35 EST" duration-ms="175" status="PASS">
          <reporter-output>
          </reporter-output>
        </test-method> <!-- tearDown -->
        <test-method is-config="true" signature="setUp()[pri:0, instance:com.tutorialsninja.qa.TestCases.RegisterTest@6c1a5b54]" started-at="2023-11-28T13:41:35 EST" name="setUp" finished-at="2023-11-28T13:41:40 EST" duration-ms="5246" status="PASS">
          <reporter-output>
          </reporter-output>
        </test-method> <!-- setUp -->
        <test-method signature="verifyRegisterWithNoFields()[pri:5, instance:com.tutorialsninja.qa.TestCases.RegisterTest@6c1a5b54]" started-at="2023-11-28T13:41:40 EST" name="verifyRegisterWithNoFields" finished-at="2023-11-28T13:41:41 EST" duration-ms="649" status="PASS">
          <reporter-output>
          </reporter-output>
        </test-method> <!-- verifyRegisterWithNoFields -->
        <test-method is-config="true" signature="tearDown()[pri:0, instance:com.tutorialsninja.qa.TestCases.RegisterTest@6c1a5b54]" started-at="2023-11-28T13:41:41 EST" name="tearDown" finished-at="2023-11-28T13:41:41 EST" duration-ms="148" status="PASS">
          <reporter-output>
          </reporter-output>
        </test-method> <!-- tearDown -->
      </class> <!-- com.tutorialsninja.qa.TestCases.RegisterTest -->
    </test> <!-- TN Test -->
  </suite> <!-- TN Suite -->
</testng-results>
