<?xml version="1.0" encoding="UTF-8"?>
<testng-results ignored="0" total="19" passed="19" failed="0" skipped="0">
  <reporter-output>
  </reporter-output>
  <suite started-at="2023-12-02T10:15:17 EST" name="TN Suite" finished-at="2023-12-02T10:18:09 EST" duration-ms="171742">
    <groups>
    </groups>
    <test started-at="2023-12-02T10:15:17 EST" name="TN Test" finished-at="2023-12-02T10:18:09 EST" duration-ms="171742">
      <class name="com.tutorialsninja.qa.TestCases.SearchProductTest">
        <test-method is-config="true" signature="searchProductSetup()[pri:0, instance:com.tutorialsninja.qa.TestCases.SearchProductTest@7ef82753]" started-at="2023-12-02T10:16:58 EST" name="searchProductSetup" finished-at="2023-12-02T10:17:02 EST" duration-ms="4180" status="PASS">
          <reporter-output>
          </reporter-output>
        </test-method> <!-- searchProductSetup -->
        <test-method signature="verifySearchWithValidProduct()[pri:1, instance:com.tutorialsninja.qa.TestCases.SearchProductTest@7ef82753]" started-at="2023-12-02T10:17:02 EST" name="verifySearchWithValidProduct" finished-at="2023-12-02T10:17:03 EST" duration-ms="584" status="PASS">
          <reporter-output>
          </reporter-output>
        </test-method> <!-- verifySearchWithValidProduct -->
        <test-method is-config="true" signature="tearDown()[pri:0, instance:com.tutorialsninja.qa.TestCases.SearchProductTest@7ef82753]" started-at="2023-12-02T10:17:03 EST" name="tearDown" finished-at="2023-12-02T10:17:03 EST" duration-ms="128" status="PASS">
          <reporter-output>
          </reporter-output>
        </test-method> <!-- tearDown -->
        <test-method is-config="true" signature="searchProductSetup()[pri:0, instance:com.tutorialsninja.qa.TestCases.SearchProductTest@7ef82753]" started-at="2023-12-02T10:17:03 EST" name="searchProductSetup" finished-at="2023-12-02T10:17:07 EST" duration-ms="4129" status="PASS">
          <reporter-output>
          </reporter-output>
        </test-method> <!-- searchProductSetup -->
        <test-method signature="VerifySearchWithInvalidProduct()[pri:2, instance:com.tutorialsninja.qa.TestCases.SearchProductTest@7ef82753]" started-at="2023-12-02T10:17:07 EST" name="VerifySearchWithInvalidProduct" finished-at="2023-12-02T10:17:08 EST" duration-ms="615" status="PASS">
          <reporter-output>
          </reporter-output>
        </test-method> <!-- VerifySearchWithInvalidProduct -->
        <test-method is-config="true" signature="tearDown()[pri:0, instance:com.tutorialsninja.qa.TestCases.SearchProductTest@7ef82753]" started-at="2023-12-02T10:17:08 EST" name="tearDown" finished-at="2023-12-02T10:17:08 EST" duration-ms="118" status="PASS">
          <reporter-output>
          </reporter-output>
        </test-method> <!-- tearDown -->
        <test-method is-config="true" signature="searchProductSetup()[pri:0, instance:com.tutorialsninja.qa.TestCases.SearchProductTest@7ef82753]" started-at="2023-12-02T10:17:08 EST" name="searchProductSetup" finished-at="2023-12-02T10:17:12 EST" duration-ms="4210" status="PASS">
          <reporter-output>
          </reporter-output>
        </test-method> <!-- searchProductSetup -->
        <test-method signature="verifySearchWithNoProduct()[pri:3, instance:com.tutorialsninja.qa.TestCases.SearchProductTest@7ef82753]" started-at="2023-12-02T10:17:12 EST" name="verifySearchWithNoProduct" finished-at="2023-12-02T10:17:13 EST" duration-ms="610" status="PASS">
          <reporter-output>
          </reporter-output>
        </test-method> <!-- verifySearchWithNoProduct -->
        <test-method is-config="true" signature="tearDown()[pri:0, instance:com.tutorialsninja.qa.TestCases.SearchProductTest@7ef82753]" started-at="2023-12-02T10:17:13 EST" name="tearDown" finished-at="2023-12-02T10:17:13 EST" duration-ms="157" status="PASS">
          <reporter-output>
          </reporter-output>
        </test-method> <!-- tearDown -->
      </class> <!-- com.tutorialsninja.qa.TestCases.SearchProductTest -->
      <class name="com.tutorialsninja.qa.TestCases.AddToCartTest">
        <test-method is-config="true" signature="setUp()[pri:0, instance:com.tutorialsninja.qa.TestCases.AddToCartTest@3b0fe47a]" started-at="2023-12-02T10:17:13 EST" name="setUp" finished-at="2023-12-02T10:17:17 EST" duration-ms="4292" status="PASS">
          <reporter-output>
          </reporter-output>
        </test-method> <!-- setUp -->
        <test-method signature="checkingOutValidProduct()[pri:1, instance:com.tutorialsninja.qa.TestCases.AddToCartTest@3b0fe47a]" started-at="2023-12-02T10:17:17 EST" name="checkingOutValidProduct" finished-at="2023-12-02T10:18:08 EST" duration-ms="51477" status="PASS">
          <reporter-output>
          </reporter-output>
        </test-method> <!-- checkingOutValidProduct -->
        <test-method is-config="true" signature="tearDown()[pri:0, instance:com.tutorialsninja.qa.TestCases.AddToCartTest@3b0fe47a]" started-at="2023-12-02T10:18:08 EST" name="tearDown" finished-at="2023-12-02T10:18:09 EST" duration-ms="210" status="PASS">
          <reporter-output>
          </reporter-output>
        </test-method> <!-- tearDown -->
      </class> <!-- com.tutorialsninja.qa.TestCases.AddToCartTest -->
      <class name="com.tutorialsninja.qa.TestCases.LoginTest">
        <test-method is-config="true" signature="setUp()[pri:0, instance:com.tutorialsninja.qa.TestCases.LoginTest@3e27ba32]" started-at="2023-12-02T10:15:55 EST" name="setUp" finished-at="2023-12-02T10:16:01 EST" duration-ms="6019" status="PASS">
          <reporter-output>
          </reporter-output>
        </test-method> <!-- setUp -->
        <test-method signature="verifyLoginWithValidCredentials(java.lang.String,java.lang.String)[pri:1, instance:com.tutorialsninja.qa.TestCases.LoginTest@3e27ba32]" started-at="2023-12-02T10:16:01 EST" name="verifyLoginWithValidCredentials" data-provider="TNLogin" finished-at="2023-12-02T10:16:02 EST" duration-ms="1036" status="PASS">
          <params>
            <param index="0">
              <value>
                <![CDATA[seleniumpanda@gmail.com]]>
              </value>
            </param>
            <param index="1">
              <value>
                <![CDATA[Selenium@123]]>
              </value>
            </param>
          </params>
          <reporter-output>
          </reporter-output>
        </test-method> <!-- verifyLoginWithValidCredentials -->
        <test-method is-config="true" signature="tearDown()[pri:0, instance:com.tutorialsninja.qa.TestCases.LoginTest@3e27ba32]" started-at="2023-12-02T10:16:02 EST" name="tearDown" finished-at="2023-12-02T10:16:02 EST" duration-ms="204" status="PASS">
          <reporter-output>
          </reporter-output>
        </test-method> <!-- tearDown -->
        <test-method is-config="true" signature="setUp()[pri:0, instance:com.tutorialsninja.qa.TestCases.LoginTest@3e27ba32]" started-at="2023-12-02T10:16:02 EST" name="setUp" finished-at="2023-12-02T10:16:08 EST" duration-ms="5765" status="PASS">
          <reporter-output>
          </reporter-output>
        </test-method> <!-- setUp -->
        <test-method signature="verifyLoginWithValidCredentials(java.lang.String,java.lang.String)[pri:1, instance:com.tutorialsninja.qa.TestCases.LoginTest@3e27ba32]" started-at="2023-12-02T10:16:08 EST" name="verifyLoginWithValidCredentials" data-provider="TNLogin" finished-at="2023-12-02T10:16:09 EST" duration-ms="1035" status="PASS">
          <params>
            <param index="0">
              <value>
                <![CDATA[seleniumpanda1@gmail.com]]>
              </value>
            </param>
            <param index="1">
              <value>
                <![CDATA[Selenium@123]]>
              </value>
            </param>
          </params>
          <reporter-output>
          </reporter-output>
        </test-method> <!-- verifyLoginWithValidCredentials -->
        <test-method is-config="true" signature="tearDown()[pri:0, instance:com.tutorialsninja.qa.TestCases.LoginTest@3e27ba32]" started-at="2023-12-02T10:16:09 EST" name="tearDown" finished-at="2023-12-02T10:16:09 EST" duration-ms="138" status="PASS">
          <reporter-output>
          </reporter-output>
        </test-method> <!-- tearDown -->
        <test-method is-config="true" signature="setUp()[pri:0, instance:com.tutorialsninja.qa.TestCases.LoginTest@3e27ba32]" started-at="2023-12-02T10:16:09 EST" name="setUp" finished-at="2023-12-02T10:16:15 EST" duration-ms="5706" status="PASS">
          <reporter-output>
          </reporter-output>
        </test-method> <!-- setUp -->
        <test-method signature="verifyLoginWithValidCredentials(java.lang.String,java.lang.String)[pri:1, instance:com.tutorialsninja.qa.TestCases.LoginTest@3e27ba32]" started-at="2023-12-02T10:16:15 EST" name="verifyLoginWithValidCredentials" data-provider="TNLogin" finished-at="2023-12-02T10:16:16 EST" duration-ms="1004" status="PASS">
          <params>
            <param index="0">
              <value>
                <![CDATA[seleniumpanda2@gmail.com]]>
              </value>
            </param>
            <param index="1">
              <value>
                <![CDATA[Selenium@123]]>
              </value>
            </param>
          </params>
          <reporter-output>
          </reporter-output>
        </test-method> <!-- verifyLoginWithValidCredentials -->
        <test-method is-config="true" signature="tearDown()[pri:0, instance:com.tutorialsninja.qa.TestCases.LoginTest@3e27ba32]" started-at="2023-12-02T10:16:16 EST" name="tearDown" finished-at="2023-12-02T10:16:16 EST" duration-ms="132" status="PASS">
          <reporter-output>
          </reporter-output>
        </test-method> <!-- tearDown -->
        <test-method is-config="true" signature="setUp()[pri:0, instance:com.tutorialsninja.qa.TestCases.LoginTest@3e27ba32]" started-at="2023-12-02T10:16:16 EST" name="setUp" finished-at="2023-12-02T10:16:21 EST" duration-ms="4742" status="PASS">
          <reporter-output>
          </reporter-output>
        </test-method> <!-- setUp -->
        <test-method signature="verifyLoginWithValidCredentials(java.lang.String,java.lang.String)[pri:1, instance:com.tutorialsninja.qa.TestCases.LoginTest@3e27ba32]" started-at="2023-12-02T10:16:21 EST" name="verifyLoginWithValidCredentials" data-provider="TNLogin" finished-at="2023-12-02T10:16:22 EST" duration-ms="1000" status="PASS">
          <params>
            <param index="0">
              <value>
                <![CDATA[seleniumpanda3@gmail.com]]>
              </value>
            </param>
            <param index="1">
              <value>
                <![CDATA[Selenium@123]]>
              </value>
            </param>
          </params>
          <reporter-output>
          </reporter-output>
        </test-method> <!-- verifyLoginWithValidCredentials -->
        <test-method is-config="true" signature="tearDown()[pri:0, instance:com.tutorialsninja.qa.TestCases.LoginTest@3e27ba32]" started-at="2023-12-02T10:16:22 EST" name="tearDown" finished-at="2023-12-02T10:16:22 EST" duration-ms="130" status="PASS">
          <reporter-output>
          </reporter-output>
        </test-method> <!-- tearDown -->
        <test-method is-config="true" signature="setUp()[pri:0, instance:com.tutorialsninja.qa.TestCases.LoginTest@3e27ba32]" started-at="2023-12-02T10:16:22 EST" name="setUp" finished-at="2023-12-02T10:16:27 EST" duration-ms="4977" status="PASS">
          <reporter-output>
          </reporter-output>
        </test-method> <!-- setUp -->
        <test-method signature="verifyLoginWithValidCredentials(java.lang.String,java.lang.String)[pri:1, instance:com.tutorialsninja.qa.TestCases.LoginTest@3e27ba32]" started-at="2023-12-02T10:16:27 EST" name="verifyLoginWithValidCredentials" data-provider="TNLogin" finished-at="2023-12-02T10:16:28 EST" duration-ms="971" status="PASS">
          <params>
            <param index="0">
              <value>
                <![CDATA[seleniumpanda4@gmail.com]]>
              </value>
            </param>
            <param index="1">
              <value>
                <![CDATA[Selenium@123]]>
              </value>
            </param>
          </params>
          <reporter-output>
          </reporter-output>
        </test-method> <!-- verifyLoginWithValidCredentials -->
        <test-method is-config="true" signature="tearDown()[pri:0, instance:com.tutorialsninja.qa.TestCases.LoginTest@3e27ba32]" started-at="2023-12-02T10:16:28 EST" name="tearDown" finished-at="2023-12-02T10:16:28 EST" duration-ms="137" status="PASS">
          <reporter-output>
          </reporter-output>
        </test-method> <!-- tearDown -->
        <test-method is-config="true" signature="setUp()[pri:0, instance:com.tutorialsninja.qa.TestCases.LoginTest@3e27ba32]" started-at="2023-12-02T10:16:28 EST" name="setUp" finished-at="2023-12-02T10:16:33 EST" duration-ms="4771" status="PASS">
          <reporter-output>
          </reporter-output>
        </test-method> <!-- setUp -->
        <test-method signature="verifyLoginWithValidCredentials(java.lang.String,java.lang.String)[pri:1, instance:com.tutorialsninja.qa.TestCases.LoginTest@3e27ba32]" started-at="2023-12-02T10:16:33 EST" name="verifyLoginWithValidCredentials" data-provider="TNLogin" finished-at="2023-12-02T10:16:34 EST" duration-ms="1024" status="PASS">
          <params>
            <param index="0">
              <value>
                <![CDATA[seleniumpanda4@gmail.com]]>
              </value>
            </param>
            <param index="1">
              <value>
                <![CDATA[Selenium@123]]>
              </value>
            </param>
          </params>
          <reporter-output>
          </reporter-output>
        </test-method> <!-- verifyLoginWithValidCredentials -->
        <test-method is-config="true" signature="tearDown()[pri:0, instance:com.tutorialsninja.qa.TestCases.LoginTest@3e27ba32]" started-at="2023-12-02T10:16:34 EST" name="tearDown" finished-at="2023-12-02T10:16:34 EST" duration-ms="129" status="PASS">
          <reporter-output>
          </reporter-output>
        </test-method> <!-- tearDown -->
        <test-method is-config="true" signature="setUp()[pri:0, instance:com.tutorialsninja.qa.TestCases.LoginTest@3e27ba32]" started-at="2023-12-02T10:16:34 EST" name="setUp" finished-at="2023-12-02T10:16:38 EST" duration-ms="4505" status="PASS">
          <reporter-output>
          </reporter-output>
        </test-method> <!-- setUp -->
        <test-method signature="verifyLoginWithInvalidEmailValidPassword()[pri:2, instance:com.tutorialsninja.qa.TestCases.LoginTest@3e27ba32]" started-at="2023-12-02T10:16:38 EST" name="verifyLoginWithInvalidEmailValidPassword" finished-at="2023-12-02T10:16:39 EST" duration-ms="755" status="PASS">
          <reporter-output>
          </reporter-output>
        </test-method> <!-- verifyLoginWithInvalidEmailValidPassword -->
        <test-method is-config="true" signature="tearDown()[pri:0, instance:com.tutorialsninja.qa.TestCases.LoginTest@3e27ba32]" started-at="2023-12-02T10:16:39 EST" name="tearDown" finished-at="2023-12-02T10:16:39 EST" duration-ms="165" status="PASS">
          <reporter-output>
          </reporter-output>
        </test-method> <!-- tearDown -->
        <test-method is-config="true" signature="setUp()[pri:0, instance:com.tutorialsninja.qa.TestCases.LoginTest@3e27ba32]" started-at="2023-12-02T10:16:39 EST" name="setUp" finished-at="2023-12-02T10:16:44 EST" duration-ms="4556" status="PASS">
          <reporter-output>
          </reporter-output>
        </test-method> <!-- setUp -->
        <test-method signature="verifyLoginWithValidEmailInvalidPassword()[pri:3, instance:com.tutorialsninja.qa.TestCases.LoginTest@3e27ba32]" started-at="2023-12-02T10:16:44 EST" name="verifyLoginWithValidEmailInvalidPassword" finished-at="2023-12-02T10:16:45 EST" duration-ms="749" status="PASS">
          <reporter-output>
          </reporter-output>
        </test-method> <!-- verifyLoginWithValidEmailInvalidPassword -->
        <test-method is-config="true" signature="tearDown()[pri:0, instance:com.tutorialsninja.qa.TestCases.LoginTest@3e27ba32]" started-at="2023-12-02T10:16:45 EST" name="tearDown" finished-at="2023-12-02T10:16:45 EST" duration-ms="211" status="PASS">
          <reporter-output>
          </reporter-output>
        </test-method> <!-- tearDown -->
        <test-method is-config="true" signature="setUp()[pri:0, instance:com.tutorialsninja.qa.TestCases.LoginTest@3e27ba32]" started-at="2023-12-02T10:16:45 EST" name="setUp" finished-at="2023-12-02T10:16:50 EST" duration-ms="5337" status="PASS">
          <reporter-output>
          </reporter-output>
        </test-method> <!-- setUp -->
        <test-method signature="verifyLoginWithInvalidCredentials()[pri:4, instance:com.tutorialsninja.qa.TestCases.LoginTest@3e27ba32]" started-at="2023-12-02T10:16:50 EST" name="verifyLoginWithInvalidCredentials" finished-at="2023-12-02T10:16:52 EST" duration-ms="1676" status="PASS">
          <reporter-output>
          </reporter-output>
        </test-method> <!-- verifyLoginWithInvalidCredentials -->
        <test-method is-config="true" signature="tearDown()[pri:0, instance:com.tutorialsninja.qa.TestCases.LoginTest@3e27ba32]" started-at="2023-12-02T10:16:52 EST" name="tearDown" finished-at="2023-12-02T10:16:52 EST" duration-ms="249" status="PASS">
          <reporter-output>
          </reporter-output>
        </test-method> <!-- tearDown -->
        <test-method is-config="true" signature="setUp()[pri:0, instance:com.tutorialsninja.qa.TestCases.LoginTest@3e27ba32]" started-at="2023-12-02T10:16:52 EST" name="setUp" finished-at="2023-12-02T10:16:57 EST" duration-ms="5152" status="PASS">
          <reporter-output>
          </reporter-output>
        </test-method> <!-- setUp -->
        <test-method signature="verifyLoginWithNoCredentials()[pri:5, instance:com.tutorialsninja.qa.TestCases.LoginTest@3e27ba32]" started-at="2023-12-02T10:16:57 EST" name="verifyLoginWithNoCredentials" finished-at="2023-12-02T10:16:58 EST" duration-ms="536" status="PASS">
          <reporter-output>
          </reporter-output>
        </test-method> <!-- verifyLoginWithNoCredentials -->
        <test-method is-config="true" signature="tearDown()[pri:0, instance:com.tutorialsninja.qa.TestCases.LoginTest@3e27ba32]" started-at="2023-12-02T10:16:58 EST" name="tearDown" finished-at="2023-12-02T10:16:58 EST" duration-ms="137" status="PASS">
          <reporter-output>
          </reporter-output>
        </test-method> <!-- tearDown -->
      </class> <!-- com.tutorialsninja.qa.TestCases.LoginTest -->
      <class name="com.tutorialsninja.qa.TestCases.RegisterTest">
        <test-method is-config="true" signature="setUp()[pri:0, instance:com.tutorialsninja.qa.TestCases.RegisterTest@6c1a5b54]" started-at="2023-12-02T10:15:18 EST" name="setUp" finished-at="2023-12-02T10:15:26 EST" duration-ms="8619" status="PASS">
          <reporter-output>
          </reporter-output>
        </test-method> <!-- setUp -->
        <test-method signature="verifyRegisterWisthMandatoryFields()[pri:1, instance:com.tutorialsninja.qa.TestCases.RegisterTest@6c1a5b54]" started-at="2023-12-02T10:15:26 EST" name="verifyRegisterWisthMandatoryFields" finished-at="2023-12-02T10:15:28 EST" duration-ms="1826" status="PASS">
          <reporter-output>
          </reporter-output>
        </test-method> <!-- verifyRegisterWisthMandatoryFields -->
        <test-method is-config="true" signature="tearDown()[pri:0, instance:com.tutorialsninja.qa.TestCases.RegisterTest@6c1a5b54]" started-at="2023-12-02T10:15:28 EST" name="tearDown" finished-at="2023-12-02T10:15:28 EST" duration-ms="200" status="PASS">
          <reporter-output>
          </reporter-output>
        </test-method> <!-- tearDown -->
        <test-method is-config="true" signature="setUp()[pri:0, instance:com.tutorialsninja.qa.TestCases.RegisterTest@6c1a5b54]" started-at="2023-12-02T10:15:28 EST" name="setUp" finished-at="2023-12-02T10:15:33 EST" duration-ms="5049" status="PASS">
          <reporter-output>
          </reporter-output>
        </test-method> <!-- setUp -->
        <test-method signature="verifyRegisterWithAllFields()[pri:2, instance:com.tutorialsninja.qa.TestCases.RegisterTest@6c1a5b54]" started-at="2023-12-02T10:15:33 EST" name="verifyRegisterWithAllFields" finished-at="2023-12-02T10:15:36 EST" duration-ms="2189" status="PASS">
          <reporter-output>
          </reporter-output>
        </test-method> <!-- verifyRegisterWithAllFields -->
        <test-method is-config="true" signature="tearDown()[pri:0, instance:com.tutorialsninja.qa.TestCases.RegisterTest@6c1a5b54]" started-at="2023-12-02T10:15:36 EST" name="tearDown" finished-at="2023-12-02T10:15:36 EST" duration-ms="201" status="PASS">
          <reporter-output>
          </reporter-output>
        </test-method> <!-- tearDown -->
        <test-method is-config="true" signature="setUp()[pri:0, instance:com.tutorialsninja.qa.TestCases.RegisterTest@6c1a5b54]" started-at="2023-12-02T10:15:36 EST" name="setUp" finished-at="2023-12-02T10:15:40 EST" duration-ms="4608" status="PASS">
          <reporter-output>
          </reporter-output>
        </test-method> <!-- setUp -->
        <test-method signature="verifyRegisterWithExistingEmail()[pri:3, instance:com.tutorialsninja.qa.TestCases.RegisterTest@6c1a5b54]" started-at="2023-12-02T10:15:40 EST" name="verifyRegisterWithExistingEmail" finished-at="2023-12-02T10:15:42 EST" duration-ms="1178" status="PASS">
          <reporter-output>
          </reporter-output>
        </test-method> <!-- verifyRegisterWithExistingEmail -->
        <test-method is-config="true" signature="tearDown()[pri:0, instance:com.tutorialsninja.qa.TestCases.RegisterTest@6c1a5b54]" started-at="2023-12-02T10:15:42 EST" name="tearDown" finished-at="2023-12-02T10:15:42 EST" duration-ms="227" status="PASS">
          <reporter-output>
          </reporter-output>
        </test-method> <!-- tearDown -->
        <test-method is-config="true" signature="setUp()[pri:0, instance:com.tutorialsninja.qa.TestCases.RegisterTest@6c1a5b54]" started-at="2023-12-02T10:15:42 EST" name="setUp" finished-at="2023-12-02T10:15:47 EST" duration-ms="4930" status="PASS">
          <reporter-output>
          </reporter-output>
        </test-method> <!-- setUp -->
        <test-method signature="verifyingRegisterWithMismatchPassword()[pri:4, instance:com.tutorialsninja.qa.TestCases.RegisterTest@6c1a5b54]" started-at="2023-12-02T10:15:47 EST" name="verifyingRegisterWithMismatchPassword" finished-at="2023-12-02T10:15:49 EST" duration-ms="1842" status="PASS">
          <reporter-output>
          </reporter-output>
        </test-method> <!-- verifyingRegisterWithMismatchPassword -->
        <test-method is-config="true" signature="tearDown()[pri:0, instance:com.tutorialsninja.qa.TestCases.RegisterTest@6c1a5b54]" started-at="2023-12-02T10:15:49 EST" name="tearDown" finished-at="2023-12-02T10:15:49 EST" duration-ms="176" status="PASS">
          <reporter-output>
          </reporter-output>
        </test-method> <!-- tearDown -->
        <test-method is-config="true" signature="setUp()[pri:0, instance:com.tutorialsninja.qa.TestCases.RegisterTest@6c1a5b54]" started-at="2023-12-02T10:15:49 EST" name="setUp" finished-at="2023-12-02T10:15:53 EST" duration-ms="4637" status="PASS">
          <reporter-output>
          </reporter-output>
        </test-method> <!-- setUp -->
        <test-method signature="verifyRegisterWithNoFields()[pri:5, instance:com.tutorialsninja.qa.TestCases.RegisterTest@6c1a5b54]" started-at="2023-12-02T10:15:53 EST" name="verifyRegisterWithNoFields" finished-at="2023-12-02T10:15:54 EST" duration-ms="659" status="PASS">
          <reporter-output>
          </reporter-output>
        </test-method> <!-- verifyRegisterWithNoFields -->
        <test-method is-config="true" signature="tearDown()[pri:0, instance:com.tutorialsninja.qa.TestCases.RegisterTest@6c1a5b54]" started-at="2023-12-02T10:15:54 EST" name="tearDown" finished-at="2023-12-02T10:15:54 EST" duration-ms="185" status="PASS">
          <reporter-output>
          </reporter-output>
        </test-method> <!-- tearDown -->
      </class> <!-- com.tutorialsninja.qa.TestCases.RegisterTest -->
    </test> <!-- TN Test -->
  </suite> <!-- TN Suite -->
</testng-results>
